12.4401 	WARNING 	User requested fullscreen with size [1440  900], but screen is actually [1920, 1080]. Using actual size
13.0903 	EXP 	Created window1 = Window(allowGUI=True, allowStencil=False, args=UNKNOWN, autoLog=True, bitsMode=UNKNOWN, blendMode='avg', color=array([0., 0., 0.]), colorSpace='rgb', fullscr=<method-wrapper '__getattribute__' of attributeSetter object at 0x1346dc898>, gamma=None, kwargs=UNKNOWN, lms=UNKNOWN, monitor=<psychopy.monitors.calibTools.Monitor object at 0x13465e6a0>, multiSample=False, name='window1', numSamples=2, pos=[0.0, 0.0], screen=0, size=array([1920, 1080]), stereo=False, units='norm', useFBO=True, useRetina=False, viewOri=0.0, viewPos=None, viewScale=None, waitBlanking=True, winType='pyglet')
13.0903 	EXP 	window1: recordFrameIntervals = False
13.2562 	EXP 	window1: recordFrameIntervals = True
13.4395 	EXP 	window1: recordFrameIntervals = False
13.7088 	EXP 	Created id_instr_text = TextStim(__class__=<class 'psychopy.visual.text.TextStim'>, alignHoriz='center', alignVert='center', antialias=True, autoLog=True, bold=False, color='white', colorSpace='named', contrast=1.0, depth=0.0, flipHoriz=False, flipVert=False, font='Arial', fontFiles=[], height=0.08, italic=False, languageStyle='LTR', name='id_instr_text', opacity=1.0, ori=0, pos=array([0., 0.]), rgb=array([255., 255., 255.]), text=str(...), units='norm', win=Window(...), wrapWidth=1.25)
13.7200 	EXP 	Created space_to_continue_2 = TextStim(__class__=<class 'psychopy.visual.text.TextStim'>, alignHoriz='center', alignVert='center', antialias=True, autoLog=True, bold=False, color='white', colorSpace='named', contrast=1.0, depth=-1.0, flipHoriz=False, flipVert=False, font='Arial', fontFiles=[], height=0.1, italic=False, languageStyle='LTR', name='space_to_continue_2', opacity=1.0, ori=0, pos=array([ 0. , -0.9]), rgb=array([255., 255., 255.]), text='Press space to continue.', units='norm', win=Window(...), wrapWidth=1)
13.7792 	EXP 	Created id_input_instr = TextStim(__class__=<class 'psychopy.visual.text.TextStim'>, alignHoriz='center', alignVert='center', antialias=True, autoLog=True, bold=False, color='white', colorSpace='named', contrast=1.0, depth=0.0, flipHoriz=False, flipVert=False, font='Arial', fontFiles=[], height=0.08, italic=False, languageStyle='LTR', name='id_input_instr', opacity=1.0, ori=0, pos=array([0. , 0.2]), rgb=array([255., 255., 255.]), text=str(...), units='norm', win=Window(...), wrapWidth=1)
13.7819 	EXP 	Created id_input_rect = Rect(__class__=<class 'psychopy.visual.rect.Rect'>, autoDraw=False, autoLog=True, closeShape=True, color=method-wrapper(...), colorSpace=None, contrast=1.0, depth=-1.0, fillColor=array([1., 1., 1.]), fillColorSpace='rgb', fillRGB=array([1., 1., 1.]), interpolate=True, lineColor=array([1., 1., 1.]), lineColorSpace='rgb', lineRGB=array([1., 1., 1.]), lineWidth=1, name='id_input_rect', opacity=1.0, ori=array(0.), pos=array([ 0. , -0.5]), size=array([1., 1.]), units='norm', vertices=ndarray(...), win=Window(...))
13.7885 	EXP 	Created id_input_text = TextStim(__class__=<class 'psychopy.visual.text.TextStim'>, alignHoriz='center', alignVert='center', antialias=True, autoLog=True, bold=False, color='black', colorSpace='named', contrast=1.0, depth=-4.0, flipHoriz=False, flipVert=False, font='Arial', fontFiles=[], height=0.1, italic=False, languageStyle='LTR', name='id_input_text', opacity=1.0, ori=0, pos=array([ 0. , -0.5]), rgb=array([0., 0., 0.]), text='default text', units='norm', win=Window(...), wrapWidth=1)
13.7934 	EXP 	Created final_text = TextStim(__class__=<class 'psychopy.visual.text.TextStim'>, alignHoriz='center', alignVert='center', antialias=True, autoLog=True, bold=False, color='white', colorSpace='named', contrast=1.0, depth=-5.0, flipHoriz=False, flipVert=False, font='Arial', fontFiles=[], height=0.1, italic=False, languageStyle='LTR', name='final_text', opacity=1.0, ori=0, pos=array([ 0. , -0.8]), rgb=array([255., 255., 255.]), text='default text', units='norm', win=Window(...), wrapWidth=1)
13.8171 	EXP 	Created instructions = TextStim(__class__=<class 'psychopy.visual.text.TextStim'>, alignHoriz='center', alignVert='center', antialias=True, autoLog=True, bold=False, color='white', colorSpace='named', contrast=1.0, depth=0.0, flipHoriz=False, flipVert=False, font='Arial', fontFiles=[], height=0.1, italic=False, languageStyle='LTR', name='instructions', opacity=1.0, ori=0, pos=array([0., 0.]), rgb=array([255., 255., 255.]), text=str(...), units='norm', win=Window(...), wrapWidth=1)
13.8232 	EXP 	Created space_to_continue = TextStim(__class__=<class 'psychopy.visual.text.TextStim'>, alignHoriz='center', alignVert='center', antialias=True, autoLog=True, bold=False, color='white', colorSpace='named', contrast=1.0, depth=-2.0, flipHoriz=False, flipVert=False, font='Arial', fontFiles=[], height=0.1, italic=False, languageStyle='LTR', name='space_to_continue', opacity=1.0, ori=0, pos=array([ 0. , -0.9]), rgb=array([255., 255., 255.]), text='Press space to continue.', units='norm', win=Window(...), wrapWidth=1)
13.8485 	EXP 	Created instructions_stage0 = TextStim(__class__=<class 'psychopy.visual.text.TextStim'>, alignHoriz='center', alignVert='center', antialias=True, autoLog=True, bold=False, color='white', colorSpace='named', contrast=1.0, depth=0.0, flipHoriz=False, flipVert=False, font='Arial', fontFiles=[], height=0.1, italic=False, languageStyle='LTR', name='instructions_stage0', opacity=1.0, ori=0, pos=array([0., 0.]), rgb=array([255., 255., 255.]), text=str(...), units='norm', win=Window(...), wrapWidth=1)
13.8549 	EXP 	Created space_to_continue_stage0 = TextStim(__class__=<class 'psychopy.visual.text.TextStim'>, alignHoriz='center', alignVert='center', antialias=True, autoLog=True, bold=False, color='white', colorSpace='named', contrast=1.0, depth=-2.0, flipHoriz=False, flipVert=False, font='Arial', fontFiles=[], height=0.1, italic=False, languageStyle='LTR', name='space_to_continue_stage0', opacity=1.0, ori=0, pos=array([ 0. , -0.9]), rgb=array([255., 255., 255.]), text='Press space to continue.', units='norm', win=Window(...), wrapWidth=1)
13.8598 	EXP 	Created text = TextStim(__class__=<class 'psychopy.visual.text.TextStim'>, alignHoriz='center', alignVert='center', antialias=True, autoLog=True, bold=False, color='white', colorSpace='named', contrast=1.0, depth=0.0, flipHoriz=False, flipVert=False, font='Arial', fontFiles=[], height=0.1, italic=False, languageStyle='LTR', name='text', opacity=1.0, ori=0, pos=array([0. , 0.1]), rgb=array([255., 255., 255.]), text='Reminder:', units='norm', win=Window(...), wrapWidth=1)
13.8650 	EXP 	Created resp_text1 = TextStim(__class__=<class 'psychopy.visual.text.TextStim'>, alignHoriz='center', alignVert='center', antialias=True, autoLog=True, bold=False, color='white', colorSpace='named', contrast=1.0, depth=-1.0, flipHoriz=False, flipVert=False, font='Arial', fontFiles=[], height=0.1, italic=False, languageStyle='LTR', name='resp_text1', opacity=1.0, ori=0, pos=array([0., 0.]), rgb=array([255., 255., 255.]), text='default text', units='norm', win=Window(...), wrapWidth=1)
13.8698 	EXP 	Created resp_text2 = TextStim(__class__=<class 'psychopy.visual.text.TextStim'>, alignHoriz='center', alignVert='center', antialias=True, autoLog=True, bold=False, color='white', colorSpace='named', contrast=1.0, depth=-2.0, flipHoriz=False, flipVert=False, font='Arial', fontFiles=[], height=0.1, italic=False, languageStyle='LTR', name='resp_text2', opacity=1.0, ori=0, pos=array([ 0. , -0.1]), rgb=array([255., 255., 255.]), text='default text', units='norm', win=Window(...), wrapWidth=1)
13.8721 	EXP 	Created cue1Image = ImageStim(__class__=<class 'psychopy.visual.image.ImageStim'>, autoLog=True, color=array([1., 1., 1.]), colorSpace='rgb', contrast=1.0, depth=-1.0, flipHoriz=False, flipVert=False, image='sin', interpolate=True, mask=None, maskParams=None, name='cue1Image', opacity=1.0, ori=0.0, pos=array([0., 0.]), size=array([0.28, 0.65]), texRes=128, units='norm', win=Window(...))
13.8740 	EXP 	Created cue2Image = ImageStim(__class__=<class 'psychopy.visual.image.ImageStim'>, autoLog=True, color=array([1., 1., 1.]), colorSpace='rgb', contrast=1.0, depth=-2.0, flipHoriz=False, flipVert=False, image='sin', interpolate=True, mask=None, maskParams=None, name='cue2Image', opacity=1.0, ori=0.0, pos=array([0., 0.]), size=array([0.28, 0.65]), texRes=128, units='norm', win=Window(...))
13.8759 	EXP 	Created cue1Image_fb = ImageStim(__class__=<class 'psychopy.visual.image.ImageStim'>, autoLog=True, color=array([1., 1., 1.]), colorSpace='rgb', contrast=1.0, depth=-1.0, flipHoriz=False, flipVert=False, image='sin', interpolate=True, mask=None, maskParams=None, name='cue1Image_fb', opacity=1.0, ori=0.0, pos=array([0., 0.]), size=array([0.28, 0.65]), texRes=128, units='norm', win=Window(...))
13.8778 	EXP 	Created cue2Image_fb = ImageStim(__class__=<class 'psychopy.visual.image.ImageStim'>, autoLog=True, color=array([1., 1., 1.]), colorSpace='rgb', contrast=1.0, depth=-2.0, flipHoriz=False, flipVert=False, image='sin', interpolate=True, mask=None, maskParams=None, name='cue2Image_fb', opacity=1.0, ori=0.0, pos=array([0., 0.]), size=array([0.28, 0.65]), texRes=128, units='norm', win=Window(...))
13.8827 	EXP 	Created fb_text_answer = TextStim(__class__=<class 'psychopy.visual.text.TextStim'>, alignHoriz='center', alignVert='center', antialias=True, autoLog=True, bold=False, color='black', colorSpace='named', contrast=1.0, depth=-3.0, flipHoriz=False, flipVert=False, font='Arial', fontFiles=[], height=0.1, italic=False, languageStyle='LTR', name='fb_text_answer', opacity=1.0, ori=0, pos=array([ 0. , -0.3]), rgb=array([0., 0., 0.]), text='default text', units='norm', win=Window(...), wrapWidth=1)
13.8847 	EXP 	Created feedback_image = ImageStim(__class__=<class 'psychopy.visual.image.ImageStim'>, autoLog=True, color=array([1., 1., 1.]), colorSpace='rgb', contrast=1.0, depth=-4.0, flipHoriz=False, flipVert=False, image='sin', interpolate=True, mask=None, maskParams=None, name='feedback_image', opacity=1.0, ori=0.0, pos=array([ 0.  , -0.15]), size=array([0.2, 0.2]), texRes=128, units='norm', win=Window(...))
13.9064 	EXP 	Created instructions_stage1 = TextStim(__class__=<class 'psychopy.visual.text.TextStim'>, alignHoriz='center', alignVert='center', antialias=True, autoLog=True, bold=False, color='white', colorSpace='named', contrast=1.0, depth=0.0, flipHoriz=False, flipVert=False, font='Arial', fontFiles=[], height=0.1, italic=False, languageStyle='LTR', name='instructions_stage1', opacity=1.0, ori=0, pos=array([0., 0.]), rgb=array([255., 255., 255.]), text=str(...), units='norm', win=Window(...), wrapWidth=1)
13.9128 	EXP 	Created space_to_continue_stage1 = TextStim(__class__=<class 'psychopy.visual.text.TextStim'>, alignHoriz='center', alignVert='center', antialias=True, autoLog=True, bold=False, color='white', colorSpace='named', contrast=1.0, depth=-2.0, flipHoriz=False, flipVert=False, font='Arial', fontFiles=[], height=0.1, italic=False, languageStyle='LTR', name='space_to_continue_stage1', opacity=1.0, ori=0, pos=array([ 0. , -0.9]), rgb=array([255., 255., 255.]), text='Press space to continue.', units='norm', win=Window(...), wrapWidth=1)
13.9168 	EXP 	Created text = TextStim(__class__=<class 'psychopy.visual.text.TextStim'>, alignHoriz='center', alignVert='center', antialias=True, autoLog=True, bold=False, color='white', colorSpace='named', contrast=1.0, depth=0.0, flipHoriz=False, flipVert=False, font='Arial', fontFiles=[], height=0.1, italic=False, languageStyle='LTR', name='text', opacity=1.0, ori=0, pos=array([0. , 0.1]), rgb=array([255., 255., 255.]), text='Reminder:', units='norm', win=Window(...), wrapWidth=1)
13.9217 	EXP 	Created resp_text1 = TextStim(__class__=<class 'psychopy.visual.text.TextStim'>, alignHoriz='center', alignVert='center', antialias=True, autoLog=True, bold=False, color='white', colorSpace='named', contrast=1.0, depth=-1.0, flipHoriz=False, flipVert=False, font='Arial', fontFiles=[], height=0.1, italic=False, languageStyle='LTR', name='resp_text1', opacity=1.0, ori=0, pos=array([0., 0.]), rgb=array([255., 255., 255.]), text='default text', units='norm', win=Window(...), wrapWidth=1)
13.9265 	EXP 	Created resp_text2 = TextStim(__class__=<class 'psychopy.visual.text.TextStim'>, alignHoriz='center', alignVert='center', antialias=True, autoLog=True, bold=False, color='white', colorSpace='named', contrast=1.0, depth=-2.0, flipHoriz=False, flipVert=False, font='Arial', fontFiles=[], height=0.1, italic=False, languageStyle='LTR', name='resp_text2', opacity=1.0, ori=0, pos=array([ 0. , -0.1]), rgb=array([255., 255., 255.]), text='default text', units='norm', win=Window(...), wrapWidth=1)
13.9286 	EXP 	Created cue1Image = ImageStim(__class__=<class 'psychopy.visual.image.ImageStim'>, autoLog=True, color=array([1., 1., 1.]), colorSpace='rgb', contrast=1.0, depth=-1.0, flipHoriz=False, flipVert=False, image='sin', interpolate=True, mask=None, maskParams=None, name='cue1Image', opacity=1.0, ori=0.0, pos=array([0., 0.]), size=array([0.28, 0.65]), texRes=128, units='norm', win=Window(...))
13.9306 	EXP 	Created cue2Image = ImageStim(__class__=<class 'psychopy.visual.image.ImageStim'>, autoLog=True, color=array([1., 1., 1.]), colorSpace='rgb', contrast=1.0, depth=-2.0, flipHoriz=False, flipVert=False, image='sin', interpolate=True, mask=None, maskParams=None, name='cue2Image', opacity=1.0, ori=0.0, pos=array([0., 0.]), size=array([0.28, 0.65]), texRes=128, units='norm', win=Window(...))
13.9325 	EXP 	Created cue1Image_fb = ImageStim(__class__=<class 'psychopy.visual.image.ImageStim'>, autoLog=True, color=array([1., 1., 1.]), colorSpace='rgb', contrast=1.0, depth=-1.0, flipHoriz=False, flipVert=False, image='sin', interpolate=True, mask=None, maskParams=None, name='cue1Image_fb', opacity=1.0, ori=0.0, pos=array([0., 0.]), size=array([0.28, 0.65]), texRes=128, units='norm', win=Window(...))
13.9344 	EXP 	Created cue2Image_fb = ImageStim(__class__=<class 'psychopy.visual.image.ImageStim'>, autoLog=True, color=array([1., 1., 1.]), colorSpace='rgb', contrast=1.0, depth=-2.0, flipHoriz=False, flipVert=False, image='sin', interpolate=True, mask=None, maskParams=None, name='cue2Image_fb', opacity=1.0, ori=0.0, pos=array([0., 0.]), size=array([0.28, 0.65]), texRes=128, units='norm', win=Window(...))
13.9396 	EXP 	Created fb_text_answer = TextStim(__class__=<class 'psychopy.visual.text.TextStim'>, alignHoriz='center', alignVert='center', antialias=True, autoLog=True, bold=False, color='black', colorSpace='named', contrast=1.0, depth=-3.0, flipHoriz=False, flipVert=False, font='Arial', fontFiles=[], height=0.1, italic=False, languageStyle='LTR', name='fb_text_answer', opacity=1.0, ori=0, pos=array([ 0. , -0.3]), rgb=array([0., 0., 0.]), text='default text', units='norm', win=Window(...), wrapWidth=1)
13.9415 	EXP 	Created feedback_image = ImageStim(__class__=<class 'psychopy.visual.image.ImageStim'>, autoLog=True, color=array([1., 1., 1.]), colorSpace='rgb', contrast=1.0, depth=-4.0, flipHoriz=False, flipVert=False, image='sin', interpolate=True, mask=None, maskParams=None, name='feedback_image', opacity=1.0, ori=0.0, pos=array([ 0.  , -0.15]), size=array([0.2, 0.2]), texRes=128, units='norm', win=Window(...))
13.9801 	EXP 	Created instructions_2 = TextStim(__class__=<class 'psychopy.visual.text.TextStim'>, alignHoriz='center', alignVert='center', antialias=True, autoLog=True, bold=False, color='white', colorSpace='named', contrast=1.0, depth=0.0, flipHoriz=False, flipVert=False, font='Arial', fontFiles=[], height=0.1, italic=False, languageStyle='LTR', name='instructions_2', opacity=1.0, ori=0, pos=array([0., 0.]), rgb=array([255., 255., 255.]), text=str(...), units='norm', win=Window(...), wrapWidth=1)
13.9863 	EXP 	Created press_space_to_continue_stage2 = TextStim(__class__=<class 'psychopy.visual.text.TextStim'>, alignHoriz='center', alignVert='center', antialias=True, autoLog=True, bold=False, color='white', colorSpace='named', contrast=1.0, depth=-2.0, flipHoriz=False, flipVert=False, font='Arial', fontFiles=[], height=0.1, italic=False, languageStyle='LTR', name='press_space_to_continue_stage2', opacity=1.0, ori=0, pos=array([ 0.  , -0.75]), rgb=array([255., 255., 255.]), text='Press space to continue.', units='norm', win=Window(...), wrapWidth=1)
13.9902 	EXP 	Created text = TextStim(__class__=<class 'psychopy.visual.text.TextStim'>, alignHoriz='center', alignVert='center', antialias=True, autoLog=True, bold=False, color='white', colorSpace='named', contrast=1.0, depth=0.0, flipHoriz=False, flipVert=False, font='Arial', fontFiles=[], height=0.1, italic=False, languageStyle='LTR', name='text', opacity=1.0, ori=0, pos=array([0. , 0.1]), rgb=array([255., 255., 255.]), text='Reminder:', units='norm', win=Window(...), wrapWidth=1)
13.9950 	EXP 	Created resp_text1 = TextStim(__class__=<class 'psychopy.visual.text.TextStim'>, alignHoriz='center', alignVert='center', antialias=True, autoLog=True, bold=False, color='white', colorSpace='named', contrast=1.0, depth=-1.0, flipHoriz=False, flipVert=False, font='Arial', fontFiles=[], height=0.1, italic=False, languageStyle='LTR', name='resp_text1', opacity=1.0, ori=0, pos=array([0., 0.]), rgb=array([255., 255., 255.]), text='default text', units='norm', win=Window(...), wrapWidth=1)
13.9998 	EXP 	Created resp_text2 = TextStim(__class__=<class 'psychopy.visual.text.TextStim'>, alignHoriz='center', alignVert='center', antialias=True, autoLog=True, bold=False, color='white', colorSpace='named', contrast=1.0, depth=-2.0, flipHoriz=False, flipVert=False, font='Arial', fontFiles=[], height=0.1, italic=False, languageStyle='LTR', name='resp_text2', opacity=1.0, ori=0, pos=array([ 0. , -0.1]), rgb=array([255., 255., 255.]), text='default text', units='norm', win=Window(...), wrapWidth=1)
14.0018 	EXP 	Created cue1Image = ImageStim(__class__=<class 'psychopy.visual.image.ImageStim'>, autoLog=True, color=array([1., 1., 1.]), colorSpace='rgb', contrast=1.0, depth=-1.0, flipHoriz=False, flipVert=False, image='sin', interpolate=True, mask=None, maskParams=None, name='cue1Image', opacity=1.0, ori=0.0, pos=array([0., 0.]), size=array([0.28, 0.65]), texRes=128, units='norm', win=Window(...))
14.0038 	EXP 	Created cue2Image = ImageStim(__class__=<class 'psychopy.visual.image.ImageStim'>, autoLog=True, color=array([1., 1., 1.]), colorSpace='rgb', contrast=1.0, depth=-2.0, flipHoriz=False, flipVert=False, image='sin', interpolate=True, mask=None, maskParams=None, name='cue2Image', opacity=1.0, ori=0.0, pos=array([0., 0.]), size=array([0.28, 0.65]), texRes=128, units='norm', win=Window(...))
14.0059 	EXP 	Created cue1Image_fb = ImageStim(__class__=<class 'psychopy.visual.image.ImageStim'>, autoLog=True, color=array([1., 1., 1.]), colorSpace='rgb', contrast=1.0, depth=-1.0, flipHoriz=False, flipVert=False, image='sin', interpolate=True, mask=None, maskParams=None, name='cue1Image_fb', opacity=1.0, ori=0.0, pos=array([0., 0.]), size=array([0.28, 0.65]), texRes=128, units='norm', win=Window(...))
14.0078 	EXP 	Created cue2Image_fb = ImageStim(__class__=<class 'psychopy.visual.image.ImageStim'>, autoLog=True, color=array([1., 1., 1.]), colorSpace='rgb', contrast=1.0, depth=-2.0, flipHoriz=False, flipVert=False, image='sin', interpolate=True, mask=None, maskParams=None, name='cue2Image_fb', opacity=1.0, ori=0.0, pos=array([0., 0.]), size=array([0.28, 0.65]), texRes=128, units='norm', win=Window(...))
14.0139 	EXP 	Created fb_text_answer = TextStim(__class__=<class 'psychopy.visual.text.TextStim'>, alignHoriz='center', alignVert='center', antialias=True, autoLog=True, bold=False, color='black', colorSpace='named', contrast=1.0, depth=-3.0, flipHoriz=False, flipVert=False, font='Arial', fontFiles=[], height=0.1, italic=False, languageStyle='LTR', name='fb_text_answer', opacity=1.0, ori=0, pos=array([ 0. , -0.3]), rgb=array([0., 0., 0.]), text='default text', units='norm', win=Window(...), wrapWidth=1)
14.0159 	EXP 	Created feedback_image = ImageStim(__class__=<class 'psychopy.visual.image.ImageStim'>, autoLog=True, color=array([1., 1., 1.]), colorSpace='rgb', contrast=1.0, depth=-4.0, flipHoriz=False, flipVert=False, image='sin', interpolate=True, mask=None, maskParams=None, name='feedback_image', opacity=1.0, ori=0.0, pos=array([ 0.  , -0.15]), size=array([0.2, 0.2]), texRes=128, units='norm', win=Window(...))
14.0406 	EXP 	Created instructions_testStage1 = TextStim(__class__=<class 'psychopy.visual.text.TextStim'>, alignHoriz='center', alignVert='center', antialias=True, autoLog=True, bold=False, color='white', colorSpace='named', contrast=1.0, depth=0.0, flipHoriz=False, flipVert=False, font='Arial', fontFiles=[], height=0.1, italic=False, languageStyle='LTR', name='instructions_testStage1', opacity=1.0, ori=0, pos=array([0., 0.]), rgb=array([255., 255., 255.]), text=str(...), units='norm', win=Window(...), wrapWidth=1)
14.0469 	EXP 	Created press_space_to_continue_test1 = TextStim(__class__=<class 'psychopy.visual.text.TextStim'>, alignHoriz='center', alignVert='center', antialias=True, autoLog=True, bold=False, color='white', colorSpace='named', contrast=1.0, depth=-2.0, flipHoriz=False, flipVert=False, font='Arial', fontFiles=[], height=0.1, italic=False, languageStyle='LTR', name='press_space_to_continue_test1', opacity=1.0, ori=0, pos=array([ 0.  , -0.85]), rgb=array([255., 255., 255.]), text='Press space to continue.', units='norm', win=Window(...), wrapWidth=1)
14.0510 	EXP 	Created text = TextStim(__class__=<class 'psychopy.visual.text.TextStim'>, alignHoriz='center', alignVert='center', antialias=True, autoLog=True, bold=False, color='white', colorSpace='named', contrast=1.0, depth=0.0, flipHoriz=False, flipVert=False, font='Arial', fontFiles=[], height=0.1, italic=False, languageStyle='LTR', name='text', opacity=1.0, ori=0, pos=array([0. , 0.1]), rgb=array([255., 255., 255.]), text='Reminder:', units='norm', win=Window(...), wrapWidth=1)
14.0563 	EXP 	Created resp_text1 = TextStim(__class__=<class 'psychopy.visual.text.TextStim'>, alignHoriz='center', alignVert='center', antialias=True, autoLog=True, bold=False, color='white', colorSpace='named', contrast=1.0, depth=-1.0, flipHoriz=False, flipVert=False, font='Arial', fontFiles=[], height=0.1, italic=False, languageStyle='LTR', name='resp_text1', opacity=1.0, ori=0, pos=array([0., 0.]), rgb=array([255., 255., 255.]), text='default text', units='norm', win=Window(...), wrapWidth=1)
14.0613 	EXP 	Created resp_text2 = TextStim(__class__=<class 'psychopy.visual.text.TextStim'>, alignHoriz='center', alignVert='center', antialias=True, autoLog=True, bold=False, color='white', colorSpace='named', contrast=1.0, depth=-2.0, flipHoriz=False, flipVert=False, font='Arial', fontFiles=[], height=0.1, italic=False, languageStyle='LTR', name='resp_text2', opacity=1.0, ori=0, pos=array([ 0. , -0.1]), rgb=array([255., 255., 255.]), text='default text', units='norm', win=Window(...), wrapWidth=1)
14.0633 	EXP 	Created cue1Image_testChoice = ImageStim(__class__=<class 'psychopy.visual.image.ImageStim'>, autoLog=True, color=array([1., 1., 1.]), colorSpace='rgb', contrast=1.0, depth=0.0, flipHoriz=False, flipVert=False, image='sin', interpolate=True, mask=None, maskParams=None, name='cue1Image_testChoice', opacity=1.0, ori=0.0, pos=array([0., 0.]), size=array([0.28, 0.65]), texRes=128, units='norm', win=Window(...))
14.0652 	EXP 	Created cue2Image_testChoice = ImageStim(__class__=<class 'psychopy.visual.image.ImageStim'>, autoLog=True, color=array([1., 1., 1.]), colorSpace='rgb', contrast=1.0, depth=-1.0, flipHoriz=False, flipVert=False, image='sin', interpolate=True, mask=None, maskParams=None, name='cue2Image_testChoice', opacity=1.0, ori=0.0, pos=array([0., 0.]), size=array([0.28, 0.65]), texRes=128, units='norm', win=Window(...))
14.0671 	EXP 	Created cue1Image_testConf = ImageStim(__class__=<class 'psychopy.visual.image.ImageStim'>, autoLog=True, color=array([1., 1., 1.]), colorSpace='rgb', contrast=1.0, depth=0.0, flipHoriz=False, flipVert=False, image='sin', interpolate=True, mask=None, maskParams=None, name='cue1Image_testConf', opacity=1.0, ori=0.0, pos=array([0., 0.]), size=array([0.28, 0.65]), texRes=128, units='norm', win=Window(...))
14.0690 	EXP 	Created cue2Image_testConf = ImageStim(__class__=<class 'psychopy.visual.image.ImageStim'>, autoLog=True, color=array([1., 1., 1.]), colorSpace='rgb', contrast=1.0, depth=-1.0, flipHoriz=False, flipVert=False, image='sin', interpolate=True, mask=None, maskParams=None, name='cue2Image_testConf', opacity=1.0, ori=0.0, pos=array([0., 0.]), size=array([0.28, 0.65]), texRes=128, units='norm', win=Window(...))
14.0842 	EXP 	Created conf_reminder = TextStim(__class__=<class 'psychopy.visual.text.TextStim'>, alignHoriz='center', alignVert='center', antialias=True, autoLog=True, bold=False, color='black', colorSpace='named', contrast=1.0, depth=-2.0, flipHoriz=False, flipVert=False, font='Arial', fontFiles=[], height=0.07, italic=False, languageStyle='LTR', name='conf_reminder', opacity=1.0, ori=0, pos=array([0.  , 0.95]), rgb=array([0., 0., 0.]), text='How confident are you?', units='norm', win=Window(...), wrapWidth=1)
14.1363 	EXP 	Created conf_rating = RatingScale(__class__=type(...), acceptKeys=['return'], acceptPreText=UNKNOWN, acceptSize=UNKNOWN, acceptText='accept?', autoLog=True, choices=False, depth=0, disappear=False, flipVert=False, high=7, kwargs=UNKNOWN, labels=list(...), leftKeys=['left'], lineColor='White', low=1, marker=ShapeStim(...), markerColor='DarkBlue', markerExpansion=UNKNOWN, markerStart=None, maxTime=0.0, minTime=0.4, mouseOnly=False, name='conf_rating', noMouse=False, pos=[0.0, -0.4], precision=1, respKeys=['1', '2', '3', '4', '5', '6', '7'], rightKeys=['right'], scale='', self=UNKNOWN, showAccept=True, showValue=True, singleClick=False, size=0.6, skipKeys=['tab'], stretch=1.0, textColor='LightGray', textFont='Helvetica Bold', textSize=0.12, tickHeight=1.0, tickMarks=6.0, win=Window(...))
14.1426 	EXP 	Created text_2 = TextStim(__class__=<class 'psychopy.visual.text.TextStim'>, alignHoriz='center', alignVert='center', antialias=True, autoLog=True, bold=False, color='white', colorSpace='named', contrast=1.0, depth=0.0, flipHoriz=False, flipVert=False, font='Arial', fontFiles=[], height=0.1, italic=False, languageStyle='LTR', name='text_2', opacity=1.0, ori=0, pos=array([0., 0.]), rgb=array([255., 255., 255.]), text='default text', units='norm', win=Window(...), wrapWidth=1)
14.1719 	EXP 	conf_rating: flipVert = False
14.1719 	EXP 	conf_rating: autoLog = True
14.1719 	EXP 	id_instr_text: autoDraw = True
19.1726 	EXP 	space_to_continue_2: autoDraw = True
832.0470 	DATA 	Keypress: space
832.0573 	EXP 	id_instr_text: autoDraw = False
832.0573 	EXP 	space_to_continue_2: autoDraw = False
832.0573 	EXP 	id_input_instr: autoDraw = True
832.0573 	EXP 	id_input_rect: autoDraw = True
832.0573 	EXP 	id_input_text: autoDraw = True
832.0573 	EXP 	final_text: autoDraw = True
841.0415 	DATA 	Mouse: Left button down, pos=(727,260)
841.1409 	DATA 	Mouse:  Left button up, pos=(727,260)
842.0584 	DATA 	Mouse: Left button down, pos=(762,263)
842.1082 	DATA 	Mouse:  Left button up, pos=(762,263)
849.1928 	DATA 	Keypress: num_0
850.3749 	DATA 	Mouse: Left button down, pos=(829,565)
850.5079 	DATA 	Mouse:  Left button up, pos=(829,565)
851.6421 	DATA 	Mouse: Left button down, pos=(836,278)
851.7414 	DATA 	Mouse:  Left button up, pos=(836,278)
851.8749 	DATA 	Mouse: Left button down, pos=(836,279)
851.9580 	DATA 	Mouse:  Left button up, pos=(836,279)
852.3082 	DATA 	Mouse: Left button down, pos=(836,284)
852.4430 	DATA 	Mouse:  Left button up, pos=(836,284)
855.5759 	DATA 	Keypress: left
856.5592 	DATA 	Keypress: right
856.7758 	DATA 	Keypress: right
857.7913 	DATA 	Mouse: Right button down, pos=(730,527)
857.9257 	DATA 	Mouse:  Right button up, pos=(730,527)
858.0429 	DATA 	Mouse: Left button down, pos=(730,527)
858.2260 	DATA 	Mouse:  Left button up, pos=(730,527)
861.2248 	DATA 	Mouse: Left button down, pos=(858,291)
861.3082 	DATA 	Mouse:  Left button up, pos=(858,291)
861.4083 	DATA 	Mouse: Left button down, pos=(858,291)
861.4911 	DATA 	Mouse:  Left button up, pos=(858,291)
861.5751 	DATA 	Mouse: Left button down, pos=(858,291)
861.6250 	DATA 	Mouse:  Left button up, pos=(858,291)
861.7248 	DATA 	Mouse: Left button down, pos=(858,291)
861.8091 	DATA 	Mouse:  Left button up, pos=(858,291)
862.7758 	DATA 	Keypress: num_enter
864.9428 	DATA 	Keypress: space
870.9105 	DATA 	Keypress: space
877.2080 	DATA 	Mouse: wheel shift=(0,0), pos=(917,276)
877.2585 	DATA 	Mouse: wheel shift=(0,-1), pos=(923,273)
877.2917 	DATA 	Mouse: wheel shift=(0,-2), pos=(925,272)
877.3592 	DATA 	Mouse: wheel shift=(0,-3), pos=(926,272)
877.5421 	DATA 	Mouse: wheel shift=(0,0), pos=(927,271)
877.6077 	DATA 	Mouse: wheel shift=(0,1), pos=(927,271)
877.6583 	DATA 	Mouse: wheel shift=(0,2), pos=(927,271)
877.7249 	DATA 	Mouse: wheel shift=(0,3), pos=(927,271)
878.1915 	DATA 	Mouse: Left button down, pos=(925,269)
878.2925 	DATA 	Mouse:  Left button up, pos=(925,269)
878.3414 	DATA 	Mouse: Left button down, pos=(925,269)
878.3745 	DATA 	Mouse: Right button down, pos=(925,269)
878.4423 	DATA 	Mouse:  Left button up, pos=(925,269)
878.4743 	DATA 	Mouse:  Right button up, pos=(925,269)
878.5757 	DATA 	Mouse: Right button down, pos=(925,269)
878.8246 	DATA 	Mouse:  Right button up, pos=(925,269)
878.8745 	DATA 	Mouse: Left button down, pos=(925,269)
879.0080 	DATA 	Mouse:  Left button up, pos=(925,269)
879.6409 	DATA 	Mouse: Left button down, pos=(840,380)
879.7258 	DATA 	Mouse:  Left button up, pos=(840,381)
879.8092 	DATA 	Mouse: Left button down, pos=(840,381)
879.8751 	DATA 	Mouse:  Left button up, pos=(840,381)
881.5799 	DATA 	Keypress: 1
881.8638 	DATA 	Keypress: 2
884.0437 	DATA 	Keypress: backspace
884.1925 	DATA 	Keypress: backspace
887.6135 	DATA 	Keypress: 1
887.8464 	DATA 	Keypress: 0
890.6789 	DATA 	Keypress: backspace
890.8258 	DATA 	Keypress: backspace
891.0106 	DATA 	Keypress: backspace
891.4795 	DATA 	Keypress: 1
891.6657 	DATA 	Keypress: 0
892.8808 	DATA 	Keypress: backspace
893.2088 	DATA 	Keypress: backspace
893.3428 	DATA 	Keypress: backspace
893.6982 	DATA 	Keypress: 0
893.8810 	DATA 	Keypress: 1
901.1096 	DATA 	Keypress: space
902.3754 	DATA 	Keypress: num_enter
904.1251 	DATA 	Mouse: Left button down, pos=(1003,287)
904.2748 	DATA 	Mouse:  Left button up, pos=(1004,282)
904.6246 	DATA 	Mouse: Left button down, pos=(988,267)
904.7253 	DATA 	Mouse:  Left button up, pos=(987,267)
905.3477 	DATA 	Keypress: 2
905.6593 	DATA 	Keypress: 2
907.5311 	DATA 	Keypress: backspace
908.5791 	DATA 	Keypress: backspace
923.4638 	DATA 	Keypress: 6
923.4661 	DATA 	Keypress: 7
923.8809 	DATA 	Keypress: 6
923.8831 	DATA 	Keypress: 7
924.0306 	DATA 	Keypress: 6
924.0324 	DATA 	Keypress: 7
924.2322 	DATA 	Keypress: 6
924.2339 	DATA 	Keypress: 7
924.4467 	DATA 	Keypress: 6
925.9461 	DATA 	Keypress: backspace
927.1964 	DATA 	Keypress: backspace
927.3797 	DATA 	Keypress: backspace
927.6644 	DATA 	Keypress: backspace
927.8965 	DATA 	Keypress: backspace
928.1621 	DATA 	Keypress: backspace
928.9264 	DATA 	Keypress: backspace
929.5929 	DATA 	Keypress: backspace
930.8259 	DATA 	Keypress: space
931.0930 	DATA 	Keypress: space
931.3593 	DATA 	Keypress: space
931.5606 	DATA 	Keypress: space
934.7416 	DATA 	Mouse: Left button down, pos=(990,267)
934.8245 	DATA 	Mouse:  Left button up, pos=(990,267)
934.8756 	DATA 	Mouse: Left button down, pos=(993,267)
934.9751 	DATA 	Mouse:  Left button up, pos=(994,267)
938.2762 	DATA 	Mouse: Left button down, pos=(772,487)
938.4248 	DATA 	Mouse:  Left button up, pos=(772,487)
938.6081 	DATA 	Mouse: Left button down, pos=(772,487)
938.6260 	DATA 	Mouse:  Left button up, pos=(772,487)
938.7411 	DATA 	Mouse: Left button down, pos=(772,487)
938.8086 	DATA 	Mouse:  Left button up, pos=(772,487)
946.3094 	DATA 	Mouse: Left button down, pos=(820,279)
946.4245 	DATA 	Mouse:  Left button up, pos=(820,279)
959.1462 	DATA 	Keypress: 0
959.2298 	DATA 	Keypress: 1
967.0141 	DATA 	Keypress: 3
967.1466 	DATA 	Keypress: 4
968.0118 	DATA 	Keypress: backspace
968.7124 	DATA 	Keypress: 3
975.9966 	DATA 	Keypress: m
976.8806 	DATA 	Keypress: a
977.3661 	DATA 	Keypress: r
977.5135 	DATA 	Keypress: a
979.9261 	DATA 	Keypress: num_enter
981.2946 	DATA 	Keypress: space
986.3582 	DATA 	Mouse: Left button down, pos=(959,263)
986.4764 	DATA 	Mouse:  Left button up, pos=(959,263)
986.9588 	DATA 	Mouse: Left button down, pos=(947,261)
987.0919 	DATA 	Mouse:  Left button up, pos=(947,261)
987.6762 	DATA 	Mouse: Left button down, pos=(1071,254)
987.7751 	DATA 	Mouse:  Left button up, pos=(1071,254)
988.8822 	DATA 	Keypress: backspace
989.5130 	DATA 	Keypress: backspace
989.6815 	DATA 	Keypress: backspace
989.8643 	DATA 	Keypress: backspace
990.0290 	DATA 	Keypress: backspace
995.9459 	DATA 	Keypress: backspace
998.0447 	DATA 	Keypress: 2
998.1633 	DATA 	Keypress: 3
1002.7465 	DATA 	Keypress: t
1005.4150 	DATA 	Keypress: r
1007.6449 	DATA 	Keypress: m
1007.8322 	DATA 	Keypress: a
1008.0447 	DATA 	Keypress: r
1012.8977 	DATA 	Keypress: a
1012.9017 	DATA 	Keypress: a
1012.9042 	DATA 	Keypress: a
1015.0600 	DATA 	Keypress: backspace
1016.8132 	DATA 	Keypress: 0
1017.2127 	DATA 	Keypress: 1
1021.7979 	DATA 	Keypress: 2
1022.0601 	DATA 	Keypress: 3
1025.4641 	DATA 	Keypress: t
1025.8488 	DATA 	Keypress: r
1030.4129 	DATA 	Keypress: m
1030.8130 	DATA 	Keypress: a
1032.4452 	DATA 	Keypress: r
1040.1094 	DATA 	Keypress: escape
1040.4595 	EXP 	window1: mouseVisible = True
