1018.1490 	WARNING 	User requested fullscreen with size [1440  900], but screen is actually [1920, 1080]. Using actual size
1018.8125 	EXP 	Created window1 = Window(allowGUI=True, allowStencil=False, args=UNKNOWN, autoLog=True, bitsMode=UNKNOWN, blendMode='avg', color=array([0., 0., 0.]), colorSpace='rgb', fullscr=<method-wrapper '__getattribute__' of attributeSetter object at 0x132e5e828>, gamma=None, kwargs=UNKNOWN, lms=UNKNOWN, monitor=<psychopy.monitors.calibTools.Monitor object at 0x132ddd390>, multiSample=False, name='window1', numSamples=2, pos=[0.0, 0.0], screen=0, size=array([1920, 1080]), stereo=False, units='norm', useFBO=True, useRetina=False, viewOri=0.0, viewPos=None, viewScale=None, waitBlanking=True, winType='pyglet')
1018.8126 	EXP 	window1: recordFrameIntervals = False
1018.9780 	EXP 	window1: recordFrameIntervals = True
1019.1612 	EXP 	window1: recordFrameIntervals = False
1019.4574 	EXP 	Created id_instr_text = TextStim(__class__=<class 'psychopy.visual.text.TextStim'>, alignHoriz='center', alignVert='center', antialias=True, autoLog=True, bold=False, color='white', colorSpace='named', contrast=1.0, depth=0.0, flipHoriz=False, flipVert=False, font='Arial', fontFiles=[], height=0.08, italic=False, languageStyle='LTR', name='id_instr_text', opacity=1.0, ori=0, pos=array([0., 0.]), rgb=array([255., 255., 255.]), text=str(...), units='norm', win=Window(...), wrapWidth=1.25)
1019.4691 	EXP 	Created space_to_continue_2 = TextStim(__class__=<class 'psychopy.visual.text.TextStim'>, alignHoriz='center', alignVert='center', antialias=True, autoLog=True, bold=False, color='white', colorSpace='named', contrast=1.0, depth=-1.0, flipHoriz=False, flipVert=False, font='Arial', fontFiles=[], height=0.1, italic=False, languageStyle='LTR', name='space_to_continue_2', opacity=1.0, ori=0, pos=array([ 0. , -0.9]), rgb=array([255., 255., 255.]), text='Press space to continue.', units='norm', win=Window(...), wrapWidth=1)
1019.5285 	EXP 	Created id_input_instr = TextStim(__class__=<class 'psychopy.visual.text.TextStim'>, alignHoriz='center', alignVert='center', antialias=True, autoLog=True, bold=False, color='white', colorSpace='named', contrast=1.0, depth=0.0, flipHoriz=False, flipVert=False, font='Arial', fontFiles=[], height=0.08, italic=False, languageStyle='LTR', name='id_input_instr', opacity=1.0, ori=0, pos=array([0. , 0.2]), rgb=array([255., 255., 255.]), text=str(...), units='norm', win=Window(...), wrapWidth=1)
1019.5434 	EXP 	Created id_input_rect = Rect(__class__=<class 'psychopy.visual.rect.Rect'>, autoDraw=False, autoLog=True, closeShape=True, color=method-wrapper(...), colorSpace=None, contrast=1.0, depth=-1.0, fillColor=array([1., 1., 1.]), fillColorSpace='rgb', fillRGB=array([1., 1., 1.]), interpolate=True, lineColor=array([1., 1., 1.]), lineColorSpace='rgb', lineRGB=array([1., 1., 1.]), lineWidth=1, name='id_input_rect', opacity=1.0, ori=array(0.), pos=array([ 0. , -0.5]), size=array([1., 1.]), units='norm', vertices=ndarray(...), win=Window(...))
1019.5520 	EXP 	Created id_input_text = TextStim(__class__=<class 'psychopy.visual.text.TextStim'>, alignHoriz='center', alignVert='center', antialias=True, autoLog=True, bold=False, color='black', colorSpace='named', contrast=1.0, depth=-4.0, flipHoriz=False, flipVert=False, font='Arial', fontFiles=[], height=0.1, italic=False, languageStyle='LTR', name='id_input_text', opacity=1.0, ori=0, pos=array([ 0. , -0.5]), rgb=array([0., 0., 0.]), text='default text', units='norm', win=Window(...), wrapWidth=1)
1019.5569 	EXP 	Created final_text = TextStim(__class__=<class 'psychopy.visual.text.TextStim'>, alignHoriz='center', alignVert='center', antialias=True, autoLog=True, bold=False, color='white', colorSpace='named', contrast=1.0, depth=-5.0, flipHoriz=False, flipVert=False, font='Arial', fontFiles=[], height=0.1, italic=False, languageStyle='LTR', name='final_text', opacity=1.0, ori=0, pos=array([ 0. , -0.8]), rgb=array([255., 255., 255.]), text='default text', units='norm', win=Window(...), wrapWidth=1)
1019.5810 	EXP 	Created instructions = TextStim(__class__=<class 'psychopy.visual.text.TextStim'>, alignHoriz='center', alignVert='center', antialias=True, autoLog=True, bold=False, color='white', colorSpace='named', contrast=1.0, depth=0.0, flipHoriz=False, flipVert=False, font='Arial', fontFiles=[], height=0.1, italic=False, languageStyle='LTR', name='instructions', opacity=1.0, ori=0, pos=array([0., 0.]), rgb=array([255., 255., 255.]), text=str(...), units='norm', win=Window(...), wrapWidth=1)
1019.5872 	EXP 	Created space_to_continue = TextStim(__class__=<class 'psychopy.visual.text.TextStim'>, alignHoriz='center', alignVert='center', antialias=True, autoLog=True, bold=False, color='white', colorSpace='named', contrast=1.0, depth=-2.0, flipHoriz=False, flipVert=False, font='Arial', fontFiles=[], height=0.1, italic=False, languageStyle='LTR', name='space_to_continue', opacity=1.0, ori=0, pos=array([ 0. , -0.9]), rgb=array([255., 255., 255.]), text='Press space to continue.', units='norm', win=Window(...), wrapWidth=1)
1019.6127 	EXP 	Created instructions_stage0 = TextStim(__class__=<class 'psychopy.visual.text.TextStim'>, alignHoriz='center', alignVert='center', antialias=True, autoLog=True, bold=False, color='white', colorSpace='named', contrast=1.0, depth=0.0, flipHoriz=False, flipVert=False, font='Arial', fontFiles=[], height=0.1, italic=False, languageStyle='LTR', name='instructions_stage0', opacity=1.0, ori=0, pos=array([0., 0.]), rgb=array([255., 255., 255.]), text=str(...), units='norm', win=Window(...), wrapWidth=1)
1019.6189 	EXP 	Created space_to_continue_stage0 = TextStim(__class__=<class 'psychopy.visual.text.TextStim'>, alignHoriz='center', alignVert='center', antialias=True, autoLog=True, bold=False, color='white', colorSpace='named', contrast=1.0, depth=-2.0, flipHoriz=False, flipVert=False, font='Arial', fontFiles=[], height=0.1, italic=False, languageStyle='LTR', name='space_to_continue_stage0', opacity=1.0, ori=0, pos=array([ 0. , -0.9]), rgb=array([255., 255., 255.]), text='Press space to continue.', units='norm', win=Window(...), wrapWidth=1)
1019.6239 	EXP 	Created text = TextStim(__class__=<class 'psychopy.visual.text.TextStim'>, alignHoriz='center', alignVert='center', antialias=True, autoLog=True, bold=False, color='white', colorSpace='named', contrast=1.0, depth=0.0, flipHoriz=False, flipVert=False, font='Arial', fontFiles=[], height=0.1, italic=False, languageStyle='LTR', name='text', opacity=1.0, ori=0, pos=array([0. , 0.1]), rgb=array([255., 255., 255.]), text='Reminder:', units='norm', win=Window(...), wrapWidth=1)
1019.6292 	EXP 	Created resp_text1 = TextStim(__class__=<class 'psychopy.visual.text.TextStim'>, alignHoriz='center', alignVert='center', antialias=True, autoLog=True, bold=False, color='white', colorSpace='named', contrast=1.0, depth=-1.0, flipHoriz=False, flipVert=False, font='Arial', fontFiles=[], height=0.1, italic=False, languageStyle='LTR', name='resp_text1', opacity=1.0, ori=0, pos=array([0., 0.]), rgb=array([255., 255., 255.]), text='default text', units='norm', win=Window(...), wrapWidth=1)
1019.6342 	EXP 	Created resp_text2 = TextStim(__class__=<class 'psychopy.visual.text.TextStim'>, alignHoriz='center', alignVert='center', antialias=True, autoLog=True, bold=False, color='white', colorSpace='named', contrast=1.0, depth=-2.0, flipHoriz=False, flipVert=False, font='Arial', fontFiles=[], height=0.1, italic=False, languageStyle='LTR', name='resp_text2', opacity=1.0, ori=0, pos=array([ 0. , -0.1]), rgb=array([255., 255., 255.]), text='default text', units='norm', win=Window(...), wrapWidth=1)
1019.6366 	EXP 	Created cue1Image = ImageStim(__class__=<class 'psychopy.visual.image.ImageStim'>, autoLog=True, color=array([1., 1., 1.]), colorSpace='rgb', contrast=1.0, depth=-1.0, flipHoriz=False, flipVert=False, image='sin', interpolate=True, mask=None, maskParams=None, name='cue1Image', opacity=1.0, ori=0.0, pos=array([0., 0.]), size=array([0.28, 0.65]), texRes=128, units='norm', win=Window(...))
1019.6385 	EXP 	Created cue2Image = ImageStim(__class__=<class 'psychopy.visual.image.ImageStim'>, autoLog=True, color=array([1., 1., 1.]), colorSpace='rgb', contrast=1.0, depth=-2.0, flipHoriz=False, flipVert=False, image='sin', interpolate=True, mask=None, maskParams=None, name='cue2Image', opacity=1.0, ori=0.0, pos=array([0., 0.]), size=array([0.28, 0.65]), texRes=128, units='norm', win=Window(...))
1019.6405 	EXP 	Created cue1Image_fb = ImageStim(__class__=<class 'psychopy.visual.image.ImageStim'>, autoLog=True, color=array([1., 1., 1.]), colorSpace='rgb', contrast=1.0, depth=-1.0, flipHoriz=False, flipVert=False, image='sin', interpolate=True, mask=None, maskParams=None, name='cue1Image_fb', opacity=1.0, ori=0.0, pos=array([0., 0.]), size=array([0.28, 0.65]), texRes=128, units='norm', win=Window(...))
1019.6424 	EXP 	Created cue2Image_fb = ImageStim(__class__=<class 'psychopy.visual.image.ImageStim'>, autoLog=True, color=array([1., 1., 1.]), colorSpace='rgb', contrast=1.0, depth=-2.0, flipHoriz=False, flipVert=False, image='sin', interpolate=True, mask=None, maskParams=None, name='cue2Image_fb', opacity=1.0, ori=0.0, pos=array([0., 0.]), size=array([0.28, 0.65]), texRes=128, units='norm', win=Window(...))
1019.6474 	EXP 	Created fb_text_answer = TextStim(__class__=<class 'psychopy.visual.text.TextStim'>, alignHoriz='center', alignVert='center', antialias=True, autoLog=True, bold=False, color='black', colorSpace='named', contrast=1.0, depth=-3.0, flipHoriz=False, flipVert=False, font='Arial', fontFiles=[], height=0.1, italic=False, languageStyle='LTR', name='fb_text_answer', opacity=1.0, ori=0, pos=array([ 0. , -0.3]), rgb=array([0., 0., 0.]), text='default text', units='norm', win=Window(...), wrapWidth=1)
1019.6493 	EXP 	Created feedback_image = ImageStim(__class__=<class 'psychopy.visual.image.ImageStim'>, autoLog=True, color=array([1., 1., 1.]), colorSpace='rgb', contrast=1.0, depth=-4.0, flipHoriz=False, flipVert=False, image='sin', interpolate=True, mask=None, maskParams=None, name='feedback_image', opacity=1.0, ori=0.0, pos=array([ 0.  , -0.15]), size=array([0.2, 0.2]), texRes=128, units='norm', win=Window(...))
1019.6717 	EXP 	Created instructions_stage1 = TextStim(__class__=<class 'psychopy.visual.text.TextStim'>, alignHoriz='center', alignVert='center', antialias=True, autoLog=True, bold=False, color='white', colorSpace='named', contrast=1.0, depth=0.0, flipHoriz=False, flipVert=False, font='Arial', fontFiles=[], height=0.1, italic=False, languageStyle='LTR', name='instructions_stage1', opacity=1.0, ori=0, pos=array([0., 0.]), rgb=array([255., 255., 255.]), text=str(...), units='norm', win=Window(...), wrapWidth=1)
1019.6782 	EXP 	Created space_to_continue_stage1 = TextStim(__class__=<class 'psychopy.visual.text.TextStim'>, alignHoriz='center', alignVert='center', antialias=True, autoLog=True, bold=False, color='white', colorSpace='named', contrast=1.0, depth=-2.0, flipHoriz=False, flipVert=False, font='Arial', fontFiles=[], height=0.1, italic=False, languageStyle='LTR', name='space_to_continue_stage1', opacity=1.0, ori=0, pos=array([ 0. , -0.9]), rgb=array([255., 255., 255.]), text='Press space to continue.', units='norm', win=Window(...), wrapWidth=1)
1019.6821 	EXP 	Created text = TextStim(__class__=<class 'psychopy.visual.text.TextStim'>, alignHoriz='center', alignVert='center', antialias=True, autoLog=True, bold=False, color='white', colorSpace='named', contrast=1.0, depth=0.0, flipHoriz=False, flipVert=False, font='Arial', fontFiles=[], height=0.1, italic=False, languageStyle='LTR', name='text', opacity=1.0, ori=0, pos=array([0. , 0.1]), rgb=array([255., 255., 255.]), text='Reminder:', units='norm', win=Window(...), wrapWidth=1)
1019.6870 	EXP 	Created resp_text1 = TextStim(__class__=<class 'psychopy.visual.text.TextStim'>, alignHoriz='center', alignVert='center', antialias=True, autoLog=True, bold=False, color='white', colorSpace='named', contrast=1.0, depth=-1.0, flipHoriz=False, flipVert=False, font='Arial', fontFiles=[], height=0.1, italic=False, languageStyle='LTR', name='resp_text1', opacity=1.0, ori=0, pos=array([0., 0.]), rgb=array([255., 255., 255.]), text='default text', units='norm', win=Window(...), wrapWidth=1)
1019.6918 	EXP 	Created resp_text2 = TextStim(__class__=<class 'psychopy.visual.text.TextStim'>, alignHoriz='center', alignVert='center', antialias=True, autoLog=True, bold=False, color='white', colorSpace='named', contrast=1.0, depth=-2.0, flipHoriz=False, flipVert=False, font='Arial', fontFiles=[], height=0.1, italic=False, languageStyle='LTR', name='resp_text2', opacity=1.0, ori=0, pos=array([ 0. , -0.1]), rgb=array([255., 255., 255.]), text='default text', units='norm', win=Window(...), wrapWidth=1)
1019.6939 	EXP 	Created cue1Image = ImageStim(__class__=<class 'psychopy.visual.image.ImageStim'>, autoLog=True, color=array([1., 1., 1.]), colorSpace='rgb', contrast=1.0, depth=-1.0, flipHoriz=False, flipVert=False, image='sin', interpolate=True, mask=None, maskParams=None, name='cue1Image', opacity=1.0, ori=0.0, pos=array([0., 0.]), size=array([0.28, 0.65]), texRes=128, units='norm', win=Window(...))
1019.6959 	EXP 	Created cue2Image = ImageStim(__class__=<class 'psychopy.visual.image.ImageStim'>, autoLog=True, color=array([1., 1., 1.]), colorSpace='rgb', contrast=1.0, depth=-2.0, flipHoriz=False, flipVert=False, image='sin', interpolate=True, mask=None, maskParams=None, name='cue2Image', opacity=1.0, ori=0.0, pos=array([0., 0.]), size=array([0.28, 0.65]), texRes=128, units='norm', win=Window(...))
1019.6979 	EXP 	Created cue1Image_fb = ImageStim(__class__=<class 'psychopy.visual.image.ImageStim'>, autoLog=True, color=array([1., 1., 1.]), colorSpace='rgb', contrast=1.0, depth=-1.0, flipHoriz=False, flipVert=False, image='sin', interpolate=True, mask=None, maskParams=None, name='cue1Image_fb', opacity=1.0, ori=0.0, pos=array([0., 0.]), size=array([0.28, 0.65]), texRes=128, units='norm', win=Window(...))
1019.6998 	EXP 	Created cue2Image_fb = ImageStim(__class__=<class 'psychopy.visual.image.ImageStim'>, autoLog=True, color=array([1., 1., 1.]), colorSpace='rgb', contrast=1.0, depth=-2.0, flipHoriz=False, flipVert=False, image='sin', interpolate=True, mask=None, maskParams=None, name='cue2Image_fb', opacity=1.0, ori=0.0, pos=array([0., 0.]), size=array([0.28, 0.65]), texRes=128, units='norm', win=Window(...))
1019.7050 	EXP 	Created fb_text_answer = TextStim(__class__=<class 'psychopy.visual.text.TextStim'>, alignHoriz='center', alignVert='center', antialias=True, autoLog=True, bold=False, color='black', colorSpace='named', contrast=1.0, depth=-3.0, flipHoriz=False, flipVert=False, font='Arial', fontFiles=[], height=0.1, italic=False, languageStyle='LTR', name='fb_text_answer', opacity=1.0, ori=0, pos=array([ 0. , -0.3]), rgb=array([0., 0., 0.]), text='default text', units='norm', win=Window(...), wrapWidth=1)
1019.7069 	EXP 	Created feedback_image = ImageStim(__class__=<class 'psychopy.visual.image.ImageStim'>, autoLog=True, color=array([1., 1., 1.]), colorSpace='rgb', contrast=1.0, depth=-4.0, flipHoriz=False, flipVert=False, image='sin', interpolate=True, mask=None, maskParams=None, name='feedback_image', opacity=1.0, ori=0.0, pos=array([ 0.  , -0.15]), size=array([0.2, 0.2]), texRes=128, units='norm', win=Window(...))
1019.7452 	EXP 	Created instructions_2 = TextStim(__class__=<class 'psychopy.visual.text.TextStim'>, alignHoriz='center', alignVert='center', antialias=True, autoLog=True, bold=False, color='white', colorSpace='named', contrast=1.0, depth=0.0, flipHoriz=False, flipVert=False, font='Arial', fontFiles=[], height=0.1, italic=False, languageStyle='LTR', name='instructions_2', opacity=1.0, ori=0, pos=array([0., 0.]), rgb=array([255., 255., 255.]), text=str(...), units='norm', win=Window(...), wrapWidth=1)
1019.7515 	EXP 	Created press_space_to_continue_stage2 = TextStim(__class__=<class 'psychopy.visual.text.TextStim'>, alignHoriz='center', alignVert='center', antialias=True, autoLog=True, bold=False, color='white', colorSpace='named', contrast=1.0, depth=-2.0, flipHoriz=False, flipVert=False, font='Arial', fontFiles=[], height=0.1, italic=False, languageStyle='LTR', name='press_space_to_continue_stage2', opacity=1.0, ori=0, pos=array([ 0.  , -0.75]), rgb=array([255., 255., 255.]), text='Press space to continue.', units='norm', win=Window(...), wrapWidth=1)
1019.7554 	EXP 	Created text = TextStim(__class__=<class 'psychopy.visual.text.TextStim'>, alignHoriz='center', alignVert='center', antialias=True, autoLog=True, bold=False, color='white', colorSpace='named', contrast=1.0, depth=0.0, flipHoriz=False, flipVert=False, font='Arial', fontFiles=[], height=0.1, italic=False, languageStyle='LTR', name='text', opacity=1.0, ori=0, pos=array([0. , 0.1]), rgb=array([255., 255., 255.]), text='Reminder:', units='norm', win=Window(...), wrapWidth=1)
1019.7604 	EXP 	Created resp_text1 = TextStim(__class__=<class 'psychopy.visual.text.TextStim'>, alignHoriz='center', alignVert='center', antialias=True, autoLog=True, bold=False, color='white', colorSpace='named', contrast=1.0, depth=-1.0, flipHoriz=False, flipVert=False, font='Arial', fontFiles=[], height=0.1, italic=False, languageStyle='LTR', name='resp_text1', opacity=1.0, ori=0, pos=array([0., 0.]), rgb=array([255., 255., 255.]), text='default text', units='norm', win=Window(...), wrapWidth=1)
1019.7652 	EXP 	Created resp_text2 = TextStim(__class__=<class 'psychopy.visual.text.TextStim'>, alignHoriz='center', alignVert='center', antialias=True, autoLog=True, bold=False, color='white', colorSpace='named', contrast=1.0, depth=-2.0, flipHoriz=False, flipVert=False, font='Arial', fontFiles=[], height=0.1, italic=False, languageStyle='LTR', name='resp_text2', opacity=1.0, ori=0, pos=array([ 0. , -0.1]), rgb=array([255., 255., 255.]), text='default text', units='norm', win=Window(...), wrapWidth=1)
1019.7673 	EXP 	Created cue1Image = ImageStim(__class__=<class 'psychopy.visual.image.ImageStim'>, autoLog=True, color=array([1., 1., 1.]), colorSpace='rgb', contrast=1.0, depth=-1.0, flipHoriz=False, flipVert=False, image='sin', interpolate=True, mask=None, maskParams=None, name='cue1Image', opacity=1.0, ori=0.0, pos=array([0., 0.]), size=array([0.28, 0.65]), texRes=128, units='norm', win=Window(...))
1019.7692 	EXP 	Created cue2Image = ImageStim(__class__=<class 'psychopy.visual.image.ImageStim'>, autoLog=True, color=array([1., 1., 1.]), colorSpace='rgb', contrast=1.0, depth=-2.0, flipHoriz=False, flipVert=False, image='sin', interpolate=True, mask=None, maskParams=None, name='cue2Image', opacity=1.0, ori=0.0, pos=array([0., 0.]), size=array([0.28, 0.65]), texRes=128, units='norm', win=Window(...))
1019.7712 	EXP 	Created cue1Image_fb = ImageStim(__class__=<class 'psychopy.visual.image.ImageStim'>, autoLog=True, color=array([1., 1., 1.]), colorSpace='rgb', contrast=1.0, depth=-1.0, flipHoriz=False, flipVert=False, image='sin', interpolate=True, mask=None, maskParams=None, name='cue1Image_fb', opacity=1.0, ori=0.0, pos=array([0., 0.]), size=array([0.28, 0.65]), texRes=128, units='norm', win=Window(...))
1019.7732 	EXP 	Created cue2Image_fb = ImageStim(__class__=<class 'psychopy.visual.image.ImageStim'>, autoLog=True, color=array([1., 1., 1.]), colorSpace='rgb', contrast=1.0, depth=-2.0, flipHoriz=False, flipVert=False, image='sin', interpolate=True, mask=None, maskParams=None, name='cue2Image_fb', opacity=1.0, ori=0.0, pos=array([0., 0.]), size=array([0.28, 0.65]), texRes=128, units='norm', win=Window(...))
1019.7793 	EXP 	Created fb_text_answer = TextStim(__class__=<class 'psychopy.visual.text.TextStim'>, alignHoriz='center', alignVert='center', antialias=True, autoLog=True, bold=False, color='black', colorSpace='named', contrast=1.0, depth=-3.0, flipHoriz=False, flipVert=False, font='Arial', fontFiles=[], height=0.1, italic=False, languageStyle='LTR', name='fb_text_answer', opacity=1.0, ori=0, pos=array([ 0. , -0.3]), rgb=array([0., 0., 0.]), text='default text', units='norm', win=Window(...), wrapWidth=1)
1019.7813 	EXP 	Created feedback_image = ImageStim(__class__=<class 'psychopy.visual.image.ImageStim'>, autoLog=True, color=array([1., 1., 1.]), colorSpace='rgb', contrast=1.0, depth=-4.0, flipHoriz=False, flipVert=False, image='sin', interpolate=True, mask=None, maskParams=None, name='feedback_image', opacity=1.0, ori=0.0, pos=array([ 0.  , -0.15]), size=array([0.2, 0.2]), texRes=128, units='norm', win=Window(...))
1019.8062 	EXP 	Created instructions_testStage1 = TextStim(__class__=<class 'psychopy.visual.text.TextStim'>, alignHoriz='center', alignVert='center', antialias=True, autoLog=True, bold=False, color='white', colorSpace='named', contrast=1.0, depth=0.0, flipHoriz=False, flipVert=False, font='Arial', fontFiles=[], height=0.1, italic=False, languageStyle='LTR', name='instructions_testStage1', opacity=1.0, ori=0, pos=array([0., 0.]), rgb=array([255., 255., 255.]), text=str(...), units='norm', win=Window(...), wrapWidth=1)
1019.8123 	EXP 	Created press_space_to_continue_test1 = TextStim(__class__=<class 'psychopy.visual.text.TextStim'>, alignHoriz='center', alignVert='center', antialias=True, autoLog=True, bold=False, color='white', colorSpace='named', contrast=1.0, depth=-2.0, flipHoriz=False, flipVert=False, font='Arial', fontFiles=[], height=0.1, italic=False, languageStyle='LTR', name='press_space_to_continue_test1', opacity=1.0, ori=0, pos=array([ 0.  , -0.85]), rgb=array([255., 255., 255.]), text='Press space to continue.', units='norm', win=Window(...), wrapWidth=1)
1019.8162 	EXP 	Created text = TextStim(__class__=<class 'psychopy.visual.text.TextStim'>, alignHoriz='center', alignVert='center', antialias=True, autoLog=True, bold=False, color='white', colorSpace='named', contrast=1.0, depth=0.0, flipHoriz=False, flipVert=False, font='Arial', fontFiles=[], height=0.1, italic=False, languageStyle='LTR', name='text', opacity=1.0, ori=0, pos=array([0. , 0.1]), rgb=array([255., 255., 255.]), text='Reminder:', units='norm', win=Window(...), wrapWidth=1)
1019.8212 	EXP 	Created resp_text1 = TextStim(__class__=<class 'psychopy.visual.text.TextStim'>, alignHoriz='center', alignVert='center', antialias=True, autoLog=True, bold=False, color='white', colorSpace='named', contrast=1.0, depth=-1.0, flipHoriz=False, flipVert=False, font='Arial', fontFiles=[], height=0.1, italic=False, languageStyle='LTR', name='resp_text1', opacity=1.0, ori=0, pos=array([0., 0.]), rgb=array([255., 255., 255.]), text='default text', units='norm', win=Window(...), wrapWidth=1)
1019.8262 	EXP 	Created resp_text2 = TextStim(__class__=<class 'psychopy.visual.text.TextStim'>, alignHoriz='center', alignVert='center', antialias=True, autoLog=True, bold=False, color='white', colorSpace='named', contrast=1.0, depth=-2.0, flipHoriz=False, flipVert=False, font='Arial', fontFiles=[], height=0.1, italic=False, languageStyle='LTR', name='resp_text2', opacity=1.0, ori=0, pos=array([ 0. , -0.1]), rgb=array([255., 255., 255.]), text='default text', units='norm', win=Window(...), wrapWidth=1)
1019.8283 	EXP 	Created cue1Image_testChoice = ImageStim(__class__=<class 'psychopy.visual.image.ImageStim'>, autoLog=True, color=array([1., 1., 1.]), colorSpace='rgb', contrast=1.0, depth=0.0, flipHoriz=False, flipVert=False, image='sin', interpolate=True, mask=None, maskParams=None, name='cue1Image_testChoice', opacity=1.0, ori=0.0, pos=array([0., 0.]), size=array([0.28, 0.65]), texRes=128, units='norm', win=Window(...))
1019.8305 	EXP 	Created cue2Image_testChoice = ImageStim(__class__=<class 'psychopy.visual.image.ImageStim'>, autoLog=True, color=array([1., 1., 1.]), colorSpace='rgb', contrast=1.0, depth=-1.0, flipHoriz=False, flipVert=False, image='sin', interpolate=True, mask=None, maskParams=None, name='cue2Image_testChoice', opacity=1.0, ori=0.0, pos=array([0., 0.]), size=array([0.28, 0.65]), texRes=128, units='norm', win=Window(...))
1019.8326 	EXP 	Created cue1Image_testConf = ImageStim(__class__=<class 'psychopy.visual.image.ImageStim'>, autoLog=True, color=array([1., 1., 1.]), colorSpace='rgb', contrast=1.0, depth=0.0, flipHoriz=False, flipVert=False, image='sin', interpolate=True, mask=None, maskParams=None, name='cue1Image_testConf', opacity=1.0, ori=0.0, pos=array([0., 0.]), size=array([0.28, 0.65]), texRes=128, units='norm', win=Window(...))
1019.8345 	EXP 	Created cue2Image_testConf = ImageStim(__class__=<class 'psychopy.visual.image.ImageStim'>, autoLog=True, color=array([1., 1., 1.]), colorSpace='rgb', contrast=1.0, depth=-1.0, flipHoriz=False, flipVert=False, image='sin', interpolate=True, mask=None, maskParams=None, name='cue2Image_testConf', opacity=1.0, ori=0.0, pos=array([0., 0.]), size=array([0.28, 0.65]), texRes=128, units='norm', win=Window(...))
1019.8506 	EXP 	Created conf_reminder = TextStim(__class__=<class 'psychopy.visual.text.TextStim'>, alignHoriz='center', alignVert='center', antialias=True, autoLog=True, bold=False, color='black', colorSpace='named', contrast=1.0, depth=-2.0, flipHoriz=False, flipVert=False, font='Arial', fontFiles=[], height=0.07, italic=False, languageStyle='LTR', name='conf_reminder', opacity=1.0, ori=0, pos=array([0.  , 0.95]), rgb=array([0., 0., 0.]), text='How confident are you?', units='norm', win=Window(...), wrapWidth=1)
1019.9180 	EXP 	Created conf_rating = RatingScale(__class__=type(...), acceptKeys=['return'], acceptPreText=UNKNOWN, acceptSize=UNKNOWN, acceptText='accept?', autoLog=True, choices=False, depth=0, disappear=False, flipVert=False, high=7, kwargs=UNKNOWN, labels=list(...), leftKeys=['left'], lineColor='White', low=1, marker=ShapeStim(...), markerColor='DarkBlue', markerExpansion=UNKNOWN, markerStart=None, maxTime=0.0, minTime=0.4, mouseOnly=False, name='conf_rating', noMouse=False, pos=[0.0, -0.4], precision=1, respKeys=['1', '2', '3', '4', '5', '6', '7'], rightKeys=['right'], scale='', self=UNKNOWN, showAccept=True, showValue=True, singleClick=False, size=0.6, skipKeys=['tab'], stretch=1.0, textColor='LightGray', textFont='Helvetica Bold', textSize=0.12, tickHeight=1.0, tickMarks=6.0, win=Window(...))
1019.9248 	EXP 	Created text_2 = TextStim(__class__=<class 'psychopy.visual.text.TextStim'>, alignHoriz='center', alignVert='center', antialias=True, autoLog=True, bold=False, color='white', colorSpace='named', contrast=1.0, depth=0.0, flipHoriz=False, flipVert=False, font='Arial', fontFiles=[], height=0.1, italic=False, languageStyle='LTR', name='text_2', opacity=1.0, ori=0, pos=array([0., 0.]), rgb=array([255., 255., 255.]), text='default text', units='norm', win=Window(...), wrapWidth=1)
1019.9607 	EXP 	conf_rating: flipVert = False
1019.9607 	EXP 	conf_rating: autoLog = True
1019.9607 	EXP 	id_instr_text: autoDraw = True
1024.9443 	EXP 	space_to_continue_2: autoDraw = True
1029.0386 	DATA 	Keypress: space
1029.0611 	EXP 	id_instr_text: autoDraw = False
1029.0611 	EXP 	space_to_continue_2: autoDraw = False
1029.0611 	EXP 	id_input_instr: autoDraw = True
1029.0611 	EXP 	id_input_rect: autoDraw = True
1029.0611 	EXP 	id_input_text: autoDraw = True
1029.0611 	EXP 	final_text: autoDraw = True
1032.9382 	DATA 	Keypress: 1
1033.1030 	DATA 	Keypress: 0
1038.3679 	DATA 	Keypress: 1
1038.5545 	DATA 	Keypress: 7
1043.5837 	DATA 	Keypress: b
1043.7877 	DATA 	Keypress: e
1048.0717 	DATA 	Keypress: v
1048.3996 	DATA 	Keypress: a
1048.6441 	DATA 	Keypress: n
1053.4670 	DATA 	Keypress: return
1053.6945 	EXP 	id_input_instr: autoDraw = False
1053.6945 	EXP 	id_input_rect: autoDraw = False
1053.6945 	EXP 	id_input_text: autoDraw = False
1053.6945 	EXP 	final_text: autoDraw = False
1053.6945 	EXP 	instructions: autoDraw = True
1058.6943 	EXP 	space_to_continue: autoDraw = True
1060.9262 	DATA 	Keypress: space
1060.9441 	EXP 	instructions: autoDraw = False
1060.9441 	EXP 	space_to_continue: autoDraw = False
1060.9441 	EXP 	instructions_stage0: autoDraw = True
1065.9444 	EXP 	space_to_continue_stage0: autoDraw = True
1070.2855 	EXP 	Imported condition files/blocks/stage0_blocks.xlsx as conditions, 18 conditions, 2 params
1070.2858 	EXP 	Created sequence: sequential, trialTypes=18, nReps=1, seed=None
1070.2862 	EXP 	New trial (rep=0, index=0): OrderedDict([('condsFile', 'condition files/Stage0a.xlsx'), ('subStage', '0a')])
1070.3435 	EXP 	Imported condition files/Stage0a.xlsx as conditions, 2 conditions, 9 params
1070.3439 	EXP 	Created sequence: random, trialTypes=2, nReps=1, seed=None
1070.3445 	EXP 	New trial (rep=0, index=0): OrderedDict([('cue1', 'alpha'), ('cue2', 'none'), ('correct', 'h'), ('responseKeys', ['h', 'g']), ('responseNames', ['Chess', 'Go']), ('cue1Position', [0, 0.5]), ('cue2Position', [0, 0]), ('cue1Opacity', 1), ('cue2Opacity', 0)])
1070.3586 	DATA 	Keypress: space
1070.3774 	EXP 	instructions_stage0: autoDraw = False
1070.3774 	EXP 	space_to_continue_stage0: autoDraw = False
1070.3774 	EXP 	resp_text1: text = 'Chess = h'
1070.3774 	EXP 	resp_text2: text = 'Go = g'
1070.3774 	EXP 	text: autoDraw = True
1070.3774 	EXP 	resp_text1: autoDraw = True
1070.3774 	EXP 	resp_text2: autoDraw = True
1071.9816 	EXP 	text: autoDraw = False
1071.9816 	EXP 	resp_text1: autoDraw = False
1071.9816 	EXP 	resp_text2: autoDraw = False
1071.9816 	EXP 	cue1Image: opacity = 1.0
1071.9816 	EXP 	cue1Image: pos = array([0. , 0.5])
1071.9816 	EXP 	cue1Image: image = 'pictures/SHINEd_apple.png'
1071.9816 	EXP 	cue2Image: opacity = 0.0
1071.9816 	EXP 	cue2Image: pos = array([0., 0.])
1071.9816 	EXP 	cue2Image: image = 'pictures/20M_AN_C.png'
1071.9816 	EXP 	cue1Image: autoDraw = True
1071.9816 	EXP 	cue2Image: autoDraw = True
1073.6795 	DATA 	Keypress: g
1073.6940 	EXP 	cue1Image: autoDraw = False
1073.6940 	EXP 	cue2Image: autoDraw = False
1073.6940 	EXP 	cue1Image_fb: opacity = 1.0
1073.6940 	EXP 	cue1Image_fb: pos = array([0. , 0.5])
1073.6940 	EXP 	cue1Image_fb: image = 'pictures/SHINEd_apple.png'
1073.6940 	EXP 	cue2Image_fb: opacity = 0.0
1073.6940 	EXP 	cue2Image_fb: pos = array([0., 0.])
1073.6940 	EXP 	cue2Image_fb: image = 'pictures/20M_AN_C.png'
1073.6940 	EXP 	fb_text_answer: text = 'They like to play Chess'
1073.6940 	EXP 	feedback_image: image = 'pictures/red_x.png'
1073.6940 	EXP 	cue1Image_fb: autoDraw = True
1073.6940 	EXP 	cue2Image_fb: autoDraw = True
1073.6940 	EXP 	fb_text_answer: autoDraw = True
1073.6940 	EXP 	feedback_image: autoDraw = True
1075.6314 	EXP 	New trial (rep=0, index=1): OrderedDict([('cue1', 'beta'), ('cue2', 'none'), ('correct', 'g'), ('responseKeys', ['h', 'g']), ('responseNames', ['Chess', 'Go']), ('cue1Position', [0, 0.5]), ('cue2Position', [0, 0]), ('cue1Opacity', 1), ('cue2Opacity', 0)])
1075.6442 	EXP 	cue1Image_fb: autoDraw = False
1075.6442 	EXP 	cue2Image_fb: autoDraw = False
1075.6442 	EXP 	fb_text_answer: autoDraw = False
1075.6442 	EXP 	feedback_image: autoDraw = False
1075.6442 	EXP 	cue1Image_fb: autoDraw = False
1075.6442 	EXP 	cue2Image_fb: autoDraw = False
1075.6442 	EXP 	fb_text_answer: autoDraw = False
1075.6442 	EXP 	feedback_image: autoDraw = False
1075.6442 	EXP 	resp_text1: text = 'Chess = h'
1075.6442 	EXP 	resp_text2: text = 'Go = g'
1075.6442 	EXP 	text: autoDraw = True
1075.6442 	EXP 	resp_text1: autoDraw = True
1075.6442 	EXP 	resp_text2: autoDraw = True
1075.7817 	DATA 	Keypress: h
1077.1781 	EXP 	text: autoDraw = False
1077.1781 	EXP 	resp_text1: autoDraw = False
1077.1781 	EXP 	resp_text2: autoDraw = False
1077.1781 	EXP 	text: autoDraw = False
1077.1781 	EXP 	resp_text1: autoDraw = False
1077.1781 	EXP 	resp_text2: autoDraw = False
1077.1781 	EXP 	cue1Image: opacity = 1.0
1077.1781 	EXP 	cue1Image: pos = array([0. , 0.5])
1077.1781 	EXP 	cue1Image: image = 'pictures/SHINEd_pear.png'
1077.1781 	EXP 	cue2Image: opacity = 0.0
1077.1781 	EXP 	cue2Image: pos = array([0., 0.])
1077.1781 	EXP 	cue2Image: image = 'pictures/20M_AN_C.png'
1077.1781 	EXP 	cue1Image: autoDraw = True
1077.1781 	EXP 	cue2Image: autoDraw = True
1078.5301 	DATA 	Keypress: g
1078.5448 	EXP 	cue1Image: autoDraw = False
1078.5448 	EXP 	cue2Image: autoDraw = False
1078.5448 	EXP 	cue1Image_fb: opacity = 1.0
1078.5448 	EXP 	cue1Image_fb: pos = array([0. , 0.5])
1078.5448 	EXP 	cue1Image_fb: image = 'pictures/SHINEd_pear.png'
1078.5448 	EXP 	cue2Image_fb: opacity = 0.0
1078.5448 	EXP 	cue2Image_fb: pos = array([0., 0.])
1078.5448 	EXP 	cue2Image_fb: image = 'pictures/20M_AN_C.png'
1078.5448 	EXP 	fb_text_answer: text = 'They like to play Go'
1078.5448 	EXP 	feedback_image: image = 'pictures/green_check.png'
1078.5448 	EXP 	cue1Image_fb: autoDraw = True
1078.5448 	EXP 	cue2Image_fb: autoDraw = True
1078.5448 	EXP 	fb_text_answer: autoDraw = True
1078.5448 	EXP 	feedback_image: autoDraw = True
1080.4973 	EXP 	New trial (rep=0, index=1): OrderedDict([('condsFile', 'condition files/Stage0a.xlsx'), ('subStage', '0a')])
1080.5071 	EXP 	Imported condition files/Stage0a.xlsx as conditions, 2 conditions, 9 params
1080.5075 	EXP 	Created sequence: random, trialTypes=2, nReps=1, seed=None
1080.5080 	EXP 	New trial (rep=0, index=0): OrderedDict([('cue1', 'beta'), ('cue2', 'none'), ('correct', 'g'), ('responseKeys', ['h', 'g']), ('responseNames', ['Chess', 'Go']), ('cue1Position', [0, 0.5]), ('cue2Position', [0, 0]), ('cue1Opacity', 1), ('cue2Opacity', 0)])
1080.5279 	EXP 	cue1Image_fb: autoDraw = False
1080.5279 	EXP 	cue2Image_fb: autoDraw = False
1080.5279 	EXP 	fb_text_answer: autoDraw = False
1080.5279 	EXP 	feedback_image: autoDraw = False
1080.5279 	EXP 	cue1Image_fb: autoDraw = False
1080.5279 	EXP 	cue2Image_fb: autoDraw = False
1080.5279 	EXP 	fb_text_answer: autoDraw = False
1080.5279 	EXP 	feedback_image: autoDraw = False
1080.5279 	EXP 	resp_text1: text = 'Chess = h'
1080.5279 	EXP 	resp_text2: text = 'Go = g'
1080.5279 	EXP 	text: autoDraw = True
1080.5279 	EXP 	resp_text1: autoDraw = True
1080.5279 	EXP 	resp_text2: autoDraw = True
1082.0613 	EXP 	text: autoDraw = False
1082.0613 	EXP 	resp_text1: autoDraw = False
1082.0613 	EXP 	resp_text2: autoDraw = False
1082.0613 	EXP 	cue1Image: opacity = 1.0
1082.0613 	EXP 	cue1Image: pos = array([0. , 0.5])
1082.0613 	EXP 	cue1Image: image = 'pictures/SHINEd_pear.png'
1082.0613 	EXP 	cue2Image: opacity = 0.0
1082.0613 	EXP 	cue2Image: pos = array([0., 0.])
1082.0613 	EXP 	cue2Image: image = 'pictures/20M_AN_C.png'
1082.0613 	EXP 	cue1Image: autoDraw = True
1082.0613 	EXP 	cue2Image: autoDraw = True
1083.8105 	DATA 	Keypress: g
1083.8275 	EXP 	cue1Image: autoDraw = False
1083.8275 	EXP 	cue2Image: autoDraw = False
1083.8275 	EXP 	cue1Image_fb: opacity = 1.0
1083.8275 	EXP 	cue1Image_fb: pos = array([0. , 0.5])
1083.8275 	EXP 	cue1Image_fb: image = 'pictures/SHINEd_pear.png'
1083.8275 	EXP 	cue2Image_fb: opacity = 0.0
1083.8275 	EXP 	cue2Image_fb: pos = array([0., 0.])
1083.8275 	EXP 	cue2Image_fb: image = 'pictures/20M_AN_C.png'
1083.8275 	EXP 	fb_text_answer: text = 'They like to play Go'
1083.8275 	EXP 	feedback_image: image = 'pictures/green_check.png'
1083.8275 	EXP 	cue1Image_fb: autoDraw = True
1083.8275 	EXP 	cue2Image_fb: autoDraw = True
1083.8275 	EXP 	fb_text_answer: autoDraw = True
1083.8275 	EXP 	feedback_image: autoDraw = True
1085.7848 	EXP 	New trial (rep=0, index=1): OrderedDict([('cue1', 'alpha'), ('cue2', 'none'), ('correct', 'h'), ('responseKeys', ['h', 'g']), ('responseNames', ['Chess', 'Go']), ('cue1Position', [0, 0.5]), ('cue2Position', [0, 0]), ('cue1Opacity', 1), ('cue2Opacity', 0)])
1085.7956 	EXP 	cue1Image_fb: autoDraw = False
1085.7956 	EXP 	cue2Image_fb: autoDraw = False
1085.7956 	EXP 	fb_text_answer: autoDraw = False
1085.7956 	EXP 	feedback_image: autoDraw = False
1085.7956 	EXP 	cue1Image_fb: autoDraw = False
1085.7956 	EXP 	cue2Image_fb: autoDraw = False
1085.7956 	EXP 	fb_text_answer: autoDraw = False
1085.7956 	EXP 	feedback_image: autoDraw = False
1085.7956 	EXP 	resp_text1: text = 'Chess = h'
1085.7956 	EXP 	resp_text2: text = 'Go = g'
1085.7956 	EXP 	text: autoDraw = True
1085.7956 	EXP 	resp_text1: autoDraw = True
1085.7956 	EXP 	resp_text2: autoDraw = True
1087.3276 	EXP 	text: autoDraw = False
1087.3276 	EXP 	resp_text1: autoDraw = False
1087.3276 	EXP 	resp_text2: autoDraw = False
1087.3276 	EXP 	text: autoDraw = False
1087.3276 	EXP 	resp_text1: autoDraw = False
1087.3276 	EXP 	resp_text2: autoDraw = False
1087.3276 	EXP 	cue1Image: opacity = 1.0
1087.3276 	EXP 	cue1Image: pos = array([0. , 0.5])
1087.3276 	EXP 	cue1Image: image = 'pictures/SHINEd_apple.png'
1087.3276 	EXP 	cue2Image: opacity = 0.0
1087.3276 	EXP 	cue2Image: pos = array([0., 0.])
1087.3276 	EXP 	cue2Image: image = 'pictures/20M_AN_C.png'
1087.3276 	EXP 	cue1Image: autoDraw = True
1087.3276 	EXP 	cue2Image: autoDraw = True
1087.9825 	DATA 	Keypress: h
1087.9938 	EXP 	cue1Image: autoDraw = False
1087.9938 	EXP 	cue2Image: autoDraw = False
1087.9938 	EXP 	cue1Image_fb: opacity = 1.0
1087.9938 	EXP 	cue1Image_fb: pos = array([0. , 0.5])
1087.9938 	EXP 	cue1Image_fb: image = 'pictures/SHINEd_apple.png'
1087.9938 	EXP 	cue2Image_fb: opacity = 0.0
1087.9938 	EXP 	cue2Image_fb: pos = array([0., 0.])
1087.9938 	EXP 	cue2Image_fb: image = 'pictures/20M_AN_C.png'
1087.9938 	EXP 	fb_text_answer: text = 'They like to play Chess'
1087.9938 	EXP 	feedback_image: image = 'pictures/green_check.png'
1087.9938 	EXP 	cue1Image_fb: autoDraw = True
1087.9938 	EXP 	cue2Image_fb: autoDraw = True
1087.9938 	EXP 	fb_text_answer: autoDraw = True
1087.9938 	EXP 	feedback_image: autoDraw = True
1089.9476 	EXP 	New trial (rep=0, index=2): OrderedDict([('condsFile', 'condition files/Stage0a.xlsx'), ('subStage', '0a')])
1089.9571 	EXP 	Imported condition files/Stage0a.xlsx as conditions, 2 conditions, 9 params
1089.9575 	EXP 	Created sequence: random, trialTypes=2, nReps=1, seed=None
1089.9579 	EXP 	New trial (rep=0, index=0): OrderedDict([('cue1', 'alpha'), ('cue2', 'none'), ('correct', 'h'), ('responseKeys', ['h', 'g']), ('responseNames', ['Chess', 'Go']), ('cue1Position', [0, 0.5]), ('cue2Position', [0, 0]), ('cue1Opacity', 1), ('cue2Opacity', 0)])
1089.9778 	EXP 	cue1Image_fb: autoDraw = False
1089.9778 	EXP 	cue2Image_fb: autoDraw = False
1089.9778 	EXP 	fb_text_answer: autoDraw = False
1089.9778 	EXP 	feedback_image: autoDraw = False
1089.9778 	EXP 	cue1Image_fb: autoDraw = False
1089.9778 	EXP 	cue2Image_fb: autoDraw = False
1089.9778 	EXP 	fb_text_answer: autoDraw = False
1089.9778 	EXP 	feedback_image: autoDraw = False
1089.9778 	EXP 	resp_text1: text = 'Chess = h'
1089.9778 	EXP 	resp_text2: text = 'Go = g'
1089.9778 	EXP 	text: autoDraw = True
1089.9778 	EXP 	resp_text1: autoDraw = True
1089.9778 	EXP 	resp_text2: autoDraw = True
1091.5105 	EXP 	text: autoDraw = False
1091.5105 	EXP 	resp_text1: autoDraw = False
1091.5105 	EXP 	resp_text2: autoDraw = False
1091.5105 	EXP 	cue1Image: opacity = 1.0
1091.5105 	EXP 	cue1Image: pos = array([0. , 0.5])
1091.5105 	EXP 	cue1Image: image = 'pictures/SHINEd_apple.png'
1091.5105 	EXP 	cue2Image: opacity = 0.0
1091.5105 	EXP 	cue2Image: pos = array([0., 0.])
1091.5105 	EXP 	cue2Image: image = 'pictures/20M_AN_C.png'
1091.5105 	EXP 	cue1Image: autoDraw = True
1091.5105 	EXP 	cue2Image: autoDraw = True
1092.6236 	DATA 	Keypress: g
1092.6445 	EXP 	cue1Image: autoDraw = False
1092.6445 	EXP 	cue2Image: autoDraw = False
1092.6445 	EXP 	cue1Image_fb: opacity = 1.0
1092.6445 	EXP 	cue1Image_fb: pos = array([0. , 0.5])
1092.6445 	EXP 	cue1Image_fb: image = 'pictures/SHINEd_apple.png'
1092.6445 	EXP 	cue2Image_fb: opacity = 0.0
1092.6445 	EXP 	cue2Image_fb: pos = array([0., 0.])
1092.6445 	EXP 	cue2Image_fb: image = 'pictures/20M_AN_C.png'
1092.6445 	EXP 	fb_text_answer: text = 'They like to play Chess'
1092.6445 	EXP 	feedback_image: image = 'pictures/red_x.png'
1092.6445 	EXP 	cue1Image_fb: autoDraw = True
1092.6445 	EXP 	cue2Image_fb: autoDraw = True
1092.6445 	EXP 	fb_text_answer: autoDraw = True
1092.6445 	EXP 	feedback_image: autoDraw = True
1094.5980 	EXP 	New trial (rep=0, index=1): OrderedDict([('cue1', 'beta'), ('cue2', 'none'), ('correct', 'g'), ('responseKeys', ['h', 'g']), ('responseNames', ['Chess', 'Go']), ('cue1Position', [0, 0.5]), ('cue2Position', [0, 0]), ('cue1Opacity', 1), ('cue2Opacity', 0)])
1094.6110 	EXP 	cue1Image_fb: autoDraw = False
1094.6110 	EXP 	cue2Image_fb: autoDraw = False
1094.6110 	EXP 	fb_text_answer: autoDraw = False
1094.6110 	EXP 	feedback_image: autoDraw = False
1094.6110 	EXP 	cue1Image_fb: autoDraw = False
1094.6110 	EXP 	cue2Image_fb: autoDraw = False
1094.6110 	EXP 	fb_text_answer: autoDraw = False
1094.6110 	EXP 	feedback_image: autoDraw = False
1094.6110 	EXP 	resp_text1: text = 'Chess = h'
1094.6110 	EXP 	resp_text2: text = 'Go = g'
1094.6110 	EXP 	text: autoDraw = True
1094.6110 	EXP 	resp_text1: autoDraw = True
1094.6110 	EXP 	resp_text2: autoDraw = True
1096.1443 	EXP 	text: autoDraw = False
1096.1443 	EXP 	resp_text1: autoDraw = False
1096.1443 	EXP 	resp_text2: autoDraw = False
1096.1443 	EXP 	text: autoDraw = False
1096.1443 	EXP 	resp_text1: autoDraw = False
1096.1443 	EXP 	resp_text2: autoDraw = False
1096.1443 	EXP 	cue1Image: opacity = 1.0
1096.1443 	EXP 	cue1Image: pos = array([0. , 0.5])
1096.1443 	EXP 	cue1Image: image = 'pictures/SHINEd_pear.png'
1096.1443 	EXP 	cue2Image: opacity = 0.0
1096.1443 	EXP 	cue2Image: pos = array([0., 0.])
1096.1443 	EXP 	cue2Image: image = 'pictures/20M_AN_C.png'
1096.1443 	EXP 	cue1Image: autoDraw = True
1096.1443 	EXP 	cue2Image: autoDraw = True
1097.2473 	DATA 	Keypress: g
1097.2608 	EXP 	cue1Image: autoDraw = False
1097.2608 	EXP 	cue2Image: autoDraw = False
1097.2608 	EXP 	cue1Image_fb: opacity = 1.0
1097.2608 	EXP 	cue1Image_fb: pos = array([0. , 0.5])
1097.2608 	EXP 	cue1Image_fb: image = 'pictures/SHINEd_pear.png'
1097.2608 	EXP 	cue2Image_fb: opacity = 0.0
1097.2608 	EXP 	cue2Image_fb: pos = array([0., 0.])
1097.2608 	EXP 	cue2Image_fb: image = 'pictures/20M_AN_C.png'
1097.2608 	EXP 	fb_text_answer: text = 'They like to play Go'
1097.2608 	EXP 	feedback_image: image = 'pictures/green_check.png'
1097.2608 	EXP 	cue1Image_fb: autoDraw = True
1097.2608 	EXP 	cue2Image_fb: autoDraw = True
1097.2608 	EXP 	fb_text_answer: autoDraw = True
1097.2608 	EXP 	feedback_image: autoDraw = True
1099.2138 	EXP 	New trial (rep=0, index=3): OrderedDict([('condsFile', 'condition files/Stage0a.xlsx'), ('subStage', '0a')])
1099.2233 	EXP 	Imported condition files/Stage0a.xlsx as conditions, 2 conditions, 9 params
1099.2237 	EXP 	Created sequence: random, trialTypes=2, nReps=1, seed=None
1099.2242 	EXP 	New trial (rep=0, index=0): OrderedDict([('cue1', 'beta'), ('cue2', 'none'), ('correct', 'g'), ('responseKeys', ['h', 'g']), ('responseNames', ['Chess', 'Go']), ('cue1Position', [0, 0.5]), ('cue2Position', [0, 0]), ('cue1Opacity', 1), ('cue2Opacity', 0)])
1099.2443 	EXP 	cue1Image_fb: autoDraw = False
1099.2443 	EXP 	cue2Image_fb: autoDraw = False
1099.2443 	EXP 	fb_text_answer: autoDraw = False
1099.2443 	EXP 	feedback_image: autoDraw = False
1099.2443 	EXP 	cue1Image_fb: autoDraw = False
1099.2443 	EXP 	cue2Image_fb: autoDraw = False
1099.2443 	EXP 	fb_text_answer: autoDraw = False
1099.2443 	EXP 	feedback_image: autoDraw = False
1099.2443 	EXP 	resp_text1: text = 'Chess = h'
1099.2443 	EXP 	resp_text2: text = 'Go = g'
1099.2443 	EXP 	text: autoDraw = True
1099.2443 	EXP 	resp_text1: autoDraw = True
1099.2443 	EXP 	resp_text2: autoDraw = True
1100.7770 	EXP 	text: autoDraw = False
1100.7770 	EXP 	resp_text1: autoDraw = False
1100.7770 	EXP 	resp_text2: autoDraw = False
1100.7770 	EXP 	cue1Image: opacity = 1.0
1100.7770 	EXP 	cue1Image: pos = array([0. , 0.5])
1100.7770 	EXP 	cue1Image: image = 'pictures/SHINEd_pear.png'
1100.7770 	EXP 	cue2Image: opacity = 0.0
1100.7770 	EXP 	cue2Image: pos = array([0., 0.])
1100.7770 	EXP 	cue2Image: image = 'pictures/20M_AN_C.png'
1100.7770 	EXP 	cue1Image: autoDraw = True
1100.7770 	EXP 	cue2Image: autoDraw = True
1101.7916 	DATA 	Keypress: g
1101.8112 	EXP 	cue1Image: autoDraw = False
1101.8112 	EXP 	cue2Image: autoDraw = False
1101.8112 	EXP 	cue1Image_fb: opacity = 1.0
1101.8112 	EXP 	cue1Image_fb: pos = array([0. , 0.5])
1101.8112 	EXP 	cue1Image_fb: image = 'pictures/SHINEd_pear.png'
1101.8112 	EXP 	cue2Image_fb: opacity = 0.0
1101.8112 	EXP 	cue2Image_fb: pos = array([0., 0.])
1101.8112 	EXP 	cue2Image_fb: image = 'pictures/20M_AN_C.png'
1101.8112 	EXP 	fb_text_answer: text = 'They like to play Go'
1101.8112 	EXP 	feedback_image: image = 'pictures/green_check.png'
1101.8112 	EXP 	cue1Image_fb: autoDraw = True
1101.8112 	EXP 	cue2Image_fb: autoDraw = True
1101.8112 	EXP 	fb_text_answer: autoDraw = True
1101.8112 	EXP 	feedback_image: autoDraw = True
1103.7635 	EXP 	New trial (rep=0, index=1): OrderedDict([('cue1', 'alpha'), ('cue2', 'none'), ('correct', 'h'), ('responseKeys', ['h', 'g']), ('responseNames', ['Chess', 'Go']), ('cue1Position', [0, 0.5]), ('cue2Position', [0, 0]), ('cue1Opacity', 1), ('cue2Opacity', 0)])
1103.7777 	EXP 	cue1Image_fb: autoDraw = False
1103.7777 	EXP 	cue2Image_fb: autoDraw = False
1103.7777 	EXP 	fb_text_answer: autoDraw = False
1103.7777 	EXP 	feedback_image: autoDraw = False
1103.7777 	EXP 	cue1Image_fb: autoDraw = False
1103.7777 	EXP 	cue2Image_fb: autoDraw = False
1103.7777 	EXP 	fb_text_answer: autoDraw = False
1103.7777 	EXP 	feedback_image: autoDraw = False
1103.7777 	EXP 	resp_text1: text = 'Chess = h'
1103.7777 	EXP 	resp_text2: text = 'Go = g'
1103.7777 	EXP 	text: autoDraw = True
1103.7777 	EXP 	resp_text1: autoDraw = True
1103.7777 	EXP 	resp_text2: autoDraw = True
1105.3107 	EXP 	text: autoDraw = False
1105.3107 	EXP 	resp_text1: autoDraw = False
1105.3107 	EXP 	resp_text2: autoDraw = False
1105.3107 	EXP 	text: autoDraw = False
1105.3107 	EXP 	resp_text1: autoDraw = False
1105.3107 	EXP 	resp_text2: autoDraw = False
1105.3107 	EXP 	cue1Image: opacity = 1.0
1105.3107 	EXP 	cue1Image: pos = array([0. , 0.5])
1105.3107 	EXP 	cue1Image: image = 'pictures/SHINEd_apple.png'
1105.3107 	EXP 	cue2Image: opacity = 0.0
1105.3107 	EXP 	cue2Image: pos = array([0., 0.])
1105.3107 	EXP 	cue2Image: image = 'pictures/20M_AN_C.png'
1105.3107 	EXP 	cue1Image: autoDraw = True
1105.3107 	EXP 	cue2Image: autoDraw = True
1106.1150 	DATA 	Keypress: h
1106.1276 	EXP 	cue1Image: autoDraw = False
1106.1276 	EXP 	cue2Image: autoDraw = False
1106.1276 	EXP 	cue1Image_fb: opacity = 1.0
1106.1276 	EXP 	cue1Image_fb: pos = array([0. , 0.5])
1106.1276 	EXP 	cue1Image_fb: image = 'pictures/SHINEd_apple.png'
1106.1276 	EXP 	cue2Image_fb: opacity = 0.0
1106.1276 	EXP 	cue2Image_fb: pos = array([0., 0.])
1106.1276 	EXP 	cue2Image_fb: image = 'pictures/20M_AN_C.png'
1106.1276 	EXP 	fb_text_answer: text = 'They like to play Chess'
1106.1276 	EXP 	feedback_image: image = 'pictures/green_check.png'
1106.1276 	EXP 	cue1Image_fb: autoDraw = True
1106.1276 	EXP 	cue2Image_fb: autoDraw = True
1106.1276 	EXP 	fb_text_answer: autoDraw = True
1106.1276 	EXP 	feedback_image: autoDraw = True
1108.0808 	EXP 	New trial (rep=0, index=4): OrderedDict([('condsFile', 'condition files/Stage0a.xlsx'), ('subStage', '0a')])
1108.0904 	EXP 	Imported condition files/Stage0a.xlsx as conditions, 2 conditions, 9 params
1108.0908 	EXP 	Created sequence: random, trialTypes=2, nReps=1, seed=None
1108.0913 	EXP 	New trial (rep=0, index=0): OrderedDict([('cue1', 'alpha'), ('cue2', 'none'), ('correct', 'h'), ('responseKeys', ['h', 'g']), ('responseNames', ['Chess', 'Go']), ('cue1Position', [0, 0.5]), ('cue2Position', [0, 0]), ('cue1Opacity', 1), ('cue2Opacity', 0)])
1108.1114 	EXP 	cue1Image_fb: autoDraw = False
1108.1114 	EXP 	cue2Image_fb: autoDraw = False
1108.1114 	EXP 	fb_text_answer: autoDraw = False
1108.1114 	EXP 	feedback_image: autoDraw = False
1108.1114 	EXP 	cue1Image_fb: autoDraw = False
1108.1114 	EXP 	cue2Image_fb: autoDraw = False
1108.1114 	EXP 	fb_text_answer: autoDraw = False
1108.1114 	EXP 	feedback_image: autoDraw = False
1108.1114 	EXP 	resp_text1: text = 'Chess = h'
1108.1114 	EXP 	resp_text2: text = 'Go = g'
1108.1114 	EXP 	text: autoDraw = True
1108.1114 	EXP 	resp_text1: autoDraw = True
1108.1114 	EXP 	resp_text2: autoDraw = True
1109.6443 	EXP 	text: autoDraw = False
1109.6443 	EXP 	resp_text1: autoDraw = False
1109.6443 	EXP 	resp_text2: autoDraw = False
1109.6443 	EXP 	cue1Image: opacity = 1.0
1109.6443 	EXP 	cue1Image: pos = array([0. , 0.5])
1109.6443 	EXP 	cue1Image: image = 'pictures/SHINEd_apple.png'
1109.6443 	EXP 	cue2Image: opacity = 0.0
1109.6443 	EXP 	cue2Image: pos = array([0., 0.])
1109.6443 	EXP 	cue2Image: image = 'pictures/20M_AN_C.png'
1109.6443 	EXP 	cue1Image: autoDraw = True
1109.6443 	EXP 	cue2Image: autoDraw = True
1111.4581 	DATA 	Keypress: h
1111.4781 	EXP 	cue1Image: autoDraw = False
1111.4781 	EXP 	cue2Image: autoDraw = False
1111.4781 	EXP 	cue1Image_fb: opacity = 1.0
1111.4781 	EXP 	cue1Image_fb: pos = array([0. , 0.5])
1111.4781 	EXP 	cue1Image_fb: image = 'pictures/SHINEd_apple.png'
1111.4781 	EXP 	cue2Image_fb: opacity = 0.0
1111.4781 	EXP 	cue2Image_fb: pos = array([0., 0.])
1111.4781 	EXP 	cue2Image_fb: image = 'pictures/20M_AN_C.png'
1111.4781 	EXP 	fb_text_answer: text = 'They like to play Chess'
1111.4781 	EXP 	feedback_image: image = 'pictures/green_check.png'
1111.4781 	EXP 	cue1Image_fb: autoDraw = True
1111.4781 	EXP 	cue2Image_fb: autoDraw = True
1111.4781 	EXP 	fb_text_answer: autoDraw = True
1111.4781 	EXP 	feedback_image: autoDraw = True
1113.4315 	EXP 	New trial (rep=0, index=1): OrderedDict([('cue1', 'beta'), ('cue2', 'none'), ('correct', 'g'), ('responseKeys', ['h', 'g']), ('responseNames', ['Chess', 'Go']), ('cue1Position', [0, 0.5]), ('cue2Position', [0, 0]), ('cue1Opacity', 1), ('cue2Opacity', 0)])
1113.4442 	EXP 	cue1Image_fb: autoDraw = False
1113.4442 	EXP 	cue2Image_fb: autoDraw = False
1113.4442 	EXP 	fb_text_answer: autoDraw = False
1113.4442 	EXP 	feedback_image: autoDraw = False
1113.4442 	EXP 	cue1Image_fb: autoDraw = False
1113.4442 	EXP 	cue2Image_fb: autoDraw = False
1113.4442 	EXP 	fb_text_answer: autoDraw = False
1113.4442 	EXP 	feedback_image: autoDraw = False
1113.4442 	EXP 	resp_text1: text = 'Chess = h'
1113.4442 	EXP 	resp_text2: text = 'Go = g'
1113.4442 	EXP 	text: autoDraw = True
1113.4442 	EXP 	resp_text1: autoDraw = True
1113.4442 	EXP 	resp_text2: autoDraw = True
1114.9776 	EXP 	text: autoDraw = False
1114.9776 	EXP 	resp_text1: autoDraw = False
1114.9776 	EXP 	resp_text2: autoDraw = False
1114.9776 	EXP 	text: autoDraw = False
1114.9776 	EXP 	resp_text1: autoDraw = False
1114.9776 	EXP 	resp_text2: autoDraw = False
1114.9776 	EXP 	cue1Image: opacity = 1.0
1114.9776 	EXP 	cue1Image: pos = array([0. , 0.5])
1114.9776 	EXP 	cue1Image: image = 'pictures/SHINEd_pear.png'
1114.9776 	EXP 	cue2Image: opacity = 0.0
1114.9776 	EXP 	cue2Image: pos = array([0., 0.])
1114.9776 	EXP 	cue2Image: image = 'pictures/20M_AN_C.png'
1114.9776 	EXP 	cue1Image: autoDraw = True
1114.9776 	EXP 	cue2Image: autoDraw = True
1115.6791 	DATA 	Keypress: g
1115.6939 	EXP 	cue1Image: autoDraw = False
1115.6939 	EXP 	cue2Image: autoDraw = False
1115.6939 	EXP 	cue1Image_fb: opacity = 1.0
1115.6939 	EXP 	cue1Image_fb: pos = array([0. , 0.5])
1115.6939 	EXP 	cue1Image_fb: image = 'pictures/SHINEd_pear.png'
1115.6939 	EXP 	cue2Image_fb: opacity = 0.0
1115.6939 	EXP 	cue2Image_fb: pos = array([0., 0.])
1115.6939 	EXP 	cue2Image_fb: image = 'pictures/20M_AN_C.png'
1115.6939 	EXP 	fb_text_answer: text = 'They like to play Go'
1115.6939 	EXP 	feedback_image: image = 'pictures/green_check.png'
1115.6939 	EXP 	cue1Image_fb: autoDraw = True
1115.6939 	EXP 	cue2Image_fb: autoDraw = True
1115.6939 	EXP 	fb_text_answer: autoDraw = True
1115.6939 	EXP 	feedback_image: autoDraw = True
1117.6471 	EXP 	New trial (rep=0, index=5): OrderedDict([('condsFile', 'condition files/Stage0a.xlsx'), ('subStage', '0a')])
1117.6588 	EXP 	Imported condition files/Stage0a.xlsx as conditions, 2 conditions, 9 params
1117.6592 	EXP 	Created sequence: random, trialTypes=2, nReps=1, seed=None
1117.6597 	EXP 	New trial (rep=0, index=0): OrderedDict([('cue1', 'alpha'), ('cue2', 'none'), ('correct', 'h'), ('responseKeys', ['h', 'g']), ('responseNames', ['Chess', 'Go']), ('cue1Position', [0, 0.5]), ('cue2Position', [0, 0]), ('cue1Opacity', 1), ('cue2Opacity', 0)])
1117.6778 	EXP 	cue1Image_fb: autoDraw = False
1117.6778 	EXP 	cue2Image_fb: autoDraw = False
1117.6778 	EXP 	fb_text_answer: autoDraw = False
1117.6778 	EXP 	feedback_image: autoDraw = False
1117.6778 	EXP 	cue1Image_fb: autoDraw = False
1117.6778 	EXP 	cue2Image_fb: autoDraw = False
1117.6778 	EXP 	fb_text_answer: autoDraw = False
1117.6778 	EXP 	feedback_image: autoDraw = False
1117.6778 	EXP 	resp_text1: text = 'Chess = h'
1117.6778 	EXP 	resp_text2: text = 'Go = g'
1117.6778 	EXP 	text: autoDraw = True
1117.6778 	EXP 	resp_text1: autoDraw = True
1117.6778 	EXP 	resp_text2: autoDraw = True
1119.2107 	EXP 	text: autoDraw = False
1119.2107 	EXP 	resp_text1: autoDraw = False
1119.2107 	EXP 	resp_text2: autoDraw = False
1119.2107 	EXP 	cue1Image: opacity = 1.0
1119.2107 	EXP 	cue1Image: pos = array([0. , 0.5])
1119.2107 	EXP 	cue1Image: image = 'pictures/SHINEd_apple.png'
1119.2107 	EXP 	cue2Image: opacity = 0.0
1119.2107 	EXP 	cue2Image: pos = array([0., 0.])
1119.2107 	EXP 	cue2Image: image = 'pictures/20M_AN_C.png'
1119.2107 	EXP 	cue1Image: autoDraw = True
1119.2107 	EXP 	cue2Image: autoDraw = True
1120.1807 	DATA 	Keypress: h
1120.1940 	EXP 	cue1Image: autoDraw = False
1120.1940 	EXP 	cue2Image: autoDraw = False
1120.1940 	EXP 	cue1Image_fb: opacity = 1.0
1120.1940 	EXP 	cue1Image_fb: pos = array([0. , 0.5])
1120.1940 	EXP 	cue1Image_fb: image = 'pictures/SHINEd_apple.png'
1120.1940 	EXP 	cue2Image_fb: opacity = 0.0
1120.1940 	EXP 	cue2Image_fb: pos = array([0., 0.])
1120.1940 	EXP 	cue2Image_fb: image = 'pictures/20M_AN_C.png'
1120.1940 	EXP 	fb_text_answer: text = 'They like to play Chess'
1120.1940 	EXP 	feedback_image: image = 'pictures/green_check.png'
1120.1940 	EXP 	cue1Image_fb: autoDraw = True
1120.1940 	EXP 	cue2Image_fb: autoDraw = True
1120.1940 	EXP 	fb_text_answer: autoDraw = True
1120.1940 	EXP 	feedback_image: autoDraw = True
1122.1482 	EXP 	New trial (rep=0, index=1): OrderedDict([('cue1', 'beta'), ('cue2', 'none'), ('correct', 'g'), ('responseKeys', ['h', 'g']), ('responseNames', ['Chess', 'Go']), ('cue1Position', [0, 0.5]), ('cue2Position', [0, 0]), ('cue1Opacity', 1), ('cue2Opacity', 0)])
1122.1609 	EXP 	cue1Image_fb: autoDraw = False
1122.1609 	EXP 	cue2Image_fb: autoDraw = False
1122.1609 	EXP 	fb_text_answer: autoDraw = False
1122.1609 	EXP 	feedback_image: autoDraw = False
1122.1609 	EXP 	cue1Image_fb: autoDraw = False
1122.1609 	EXP 	cue2Image_fb: autoDraw = False
1122.1609 	EXP 	fb_text_answer: autoDraw = False
1122.1609 	EXP 	feedback_image: autoDraw = False
1122.1609 	EXP 	resp_text1: text = 'Chess = h'
1122.1609 	EXP 	resp_text2: text = 'Go = g'
1122.1609 	EXP 	text: autoDraw = True
1122.1609 	EXP 	resp_text1: autoDraw = True
1122.1609 	EXP 	resp_text2: autoDraw = True
1123.6960 	EXP 	text: autoDraw = False
1123.6960 	EXP 	resp_text1: autoDraw = False
1123.6960 	EXP 	resp_text2: autoDraw = False
1123.6960 	EXP 	text: autoDraw = False
1123.6960 	EXP 	resp_text1: autoDraw = False
1123.6960 	EXP 	resp_text2: autoDraw = False
1123.6960 	EXP 	cue1Image: opacity = 1.0
1123.6960 	EXP 	cue1Image: pos = array([0. , 0.5])
1123.6960 	EXP 	cue1Image: image = 'pictures/SHINEd_pear.png'
1123.6960 	EXP 	cue2Image: opacity = 0.0
1123.6960 	EXP 	cue2Image: pos = array([0., 0.])
1123.6960 	EXP 	cue2Image: image = 'pictures/20M_AN_C.png'
1123.6960 	EXP 	cue1Image: autoDraw = True
1123.6960 	EXP 	cue2Image: autoDraw = True
1124.5771 	DATA 	Keypress: g
1124.5944 	EXP 	cue1Image: autoDraw = False
1124.5944 	EXP 	cue2Image: autoDraw = False
1124.5944 	EXP 	cue1Image_fb: opacity = 1.0
1124.5944 	EXP 	cue1Image_fb: pos = array([0. , 0.5])
1124.5944 	EXP 	cue1Image_fb: image = 'pictures/SHINEd_pear.png'
1124.5944 	EXP 	cue2Image_fb: opacity = 0.0
1124.5944 	EXP 	cue2Image_fb: pos = array([0., 0.])
1124.5944 	EXP 	cue2Image_fb: image = 'pictures/20M_AN_C.png'
1124.5944 	EXP 	fb_text_answer: text = 'They like to play Go'
1124.5944 	EXP 	feedback_image: image = 'pictures/green_check.png'
1124.5944 	EXP 	cue1Image_fb: autoDraw = True
1124.5944 	EXP 	cue2Image_fb: autoDraw = True
1124.5944 	EXP 	fb_text_answer: autoDraw = True
1124.5944 	EXP 	feedback_image: autoDraw = True
1126.5474 	EXP 	New trial (rep=0, index=6): OrderedDict([('condsFile', 'condition files/Stage0b_1.xlsx'), ('subStage', '0b')])
1126.5590 	EXP 	Imported condition files/Stage0b_1.xlsx as conditions, 2 conditions, 9 params
1126.5593 	EXP 	Created sequence: random, trialTypes=2, nReps=1, seed=None
1126.5598 	EXP 	New trial (rep=0, index=0): OrderedDict([('cue1', 'none'), ('cue2', 'beta'), ('correct', 'g'), ('responseKeys', ['h', 'g']), ('responseNames', ['Chess', 'Go']), ('cue1Position', [-0.15, 0.5]), ('cue2Position', [0.15, 0.5]), ('cue1Opacity', 0), ('cue2Opacity', 1)])
1126.5778 	EXP 	cue1Image_fb: autoDraw = False
1126.5778 	EXP 	cue2Image_fb: autoDraw = False
1126.5778 	EXP 	fb_text_answer: autoDraw = False
1126.5778 	EXP 	feedback_image: autoDraw = False
1126.5778 	EXP 	cue1Image_fb: autoDraw = False
1126.5778 	EXP 	cue2Image_fb: autoDraw = False
1126.5778 	EXP 	fb_text_answer: autoDraw = False
1126.5778 	EXP 	feedback_image: autoDraw = False
1126.5778 	EXP 	resp_text1: text = 'Chess = h'
1126.5778 	EXP 	resp_text2: text = 'Go = g'
1126.5778 	EXP 	text: autoDraw = True
1126.5778 	EXP 	resp_text1: autoDraw = True
1126.5778 	EXP 	resp_text2: autoDraw = True
1128.1278 	EXP 	text: autoDraw = False
1128.1278 	EXP 	resp_text1: autoDraw = False
1128.1278 	EXP 	resp_text2: autoDraw = False
1128.1278 	EXP 	cue1Image: opacity = 0.0
1128.1278 	EXP 	cue1Image: pos = array([-0.15,  0.5 ])
1128.1278 	EXP 	cue1Image: image = 'pictures/20M_AN_C.png'
1128.1278 	EXP 	cue2Image: opacity = 1.0
1128.1278 	EXP 	cue2Image: pos = array([0.15, 0.5 ])
1128.1278 	EXP 	cue2Image: image = 'pictures/SHINEd_pear.png'
1128.1278 	EXP 	cue1Image: autoDraw = True
1128.1278 	EXP 	cue2Image: autoDraw = True
1128.7642 	DATA 	Keypress: h
1128.7782 	EXP 	cue1Image: autoDraw = False
1128.7782 	EXP 	cue2Image: autoDraw = False
1128.7782 	EXP 	cue1Image_fb: opacity = 0.0
1128.7782 	EXP 	cue1Image_fb: pos = array([-0.15,  0.5 ])
1128.7782 	EXP 	cue1Image_fb: image = 'pictures/20M_AN_C.png'
1128.7782 	EXP 	cue2Image_fb: opacity = 1.0
1128.7782 	EXP 	cue2Image_fb: pos = array([0.15, 0.5 ])
1128.7782 	EXP 	cue2Image_fb: image = 'pictures/SHINEd_pear.png'
1128.7782 	EXP 	fb_text_answer: text = 'They like to play Go'
1128.7782 	EXP 	feedback_image: image = 'pictures/red_x.png'
1128.7782 	EXP 	cue1Image_fb: autoDraw = True
1128.7782 	EXP 	cue2Image_fb: autoDraw = True
1128.7782 	EXP 	fb_text_answer: autoDraw = True
1128.7782 	EXP 	feedback_image: autoDraw = True
1130.7302 	EXP 	New trial (rep=0, index=1): OrderedDict([('cue1', 'alpha'), ('cue2', 'none'), ('correct', 'h'), ('responseKeys', ['h', 'g']), ('responseNames', ['Chess', 'Go']), ('cue1Position', [-0.15, 0.5]), ('cue2Position', [0.15, 0.5]), ('cue1Opacity', 1), ('cue2Opacity', 0)])
1130.7444 	EXP 	cue1Image_fb: autoDraw = False
1130.7444 	EXP 	cue2Image_fb: autoDraw = False
1130.7444 	EXP 	fb_text_answer: autoDraw = False
1130.7444 	EXP 	feedback_image: autoDraw = False
1130.7444 	EXP 	cue1Image_fb: autoDraw = False
1130.7444 	EXP 	cue2Image_fb: autoDraw = False
1130.7444 	EXP 	fb_text_answer: autoDraw = False
1130.7444 	EXP 	feedback_image: autoDraw = False
1130.7444 	EXP 	resp_text1: text = 'Chess = h'
1130.7444 	EXP 	resp_text2: text = 'Go = g'
1130.7444 	EXP 	text: autoDraw = True
1130.7444 	EXP 	resp_text1: autoDraw = True
1130.7444 	EXP 	resp_text2: autoDraw = True
1132.2821 	EXP 	text: autoDraw = False
1132.2821 	EXP 	resp_text1: autoDraw = False
1132.2821 	EXP 	resp_text2: autoDraw = False
1132.2821 	EXP 	text: autoDraw = False
1132.2821 	EXP 	resp_text1: autoDraw = False
1132.2821 	EXP 	resp_text2: autoDraw = False
1132.2821 	EXP 	cue1Image: opacity = 1.0
1132.2821 	EXP 	cue1Image: pos = array([-0.15,  0.5 ])
1132.2821 	EXP 	cue1Image: image = 'pictures/SHINEd_apple.png'
1132.2821 	EXP 	cue2Image: opacity = 0.0
1132.2821 	EXP 	cue2Image: pos = array([0.15, 0.5 ])
1132.2821 	EXP 	cue2Image: image = 'pictures/20M_AN_C.png'
1132.2821 	EXP 	cue1Image: autoDraw = True
1132.2821 	EXP 	cue2Image: autoDraw = True
1133.5299 	DATA 	Keypress: h
1133.5447 	EXP 	cue1Image: autoDraw = False
1133.5447 	EXP 	cue2Image: autoDraw = False
1133.5447 	EXP 	cue1Image_fb: opacity = 1.0
1133.5447 	EXP 	cue1Image_fb: pos = array([-0.15,  0.5 ])
1133.5447 	EXP 	cue1Image_fb: image = 'pictures/SHINEd_apple.png'
1133.5447 	EXP 	cue2Image_fb: opacity = 0.0
1133.5447 	EXP 	cue2Image_fb: pos = array([0.15, 0.5 ])
1133.5447 	EXP 	cue2Image_fb: image = 'pictures/20M_AN_C.png'
1133.5447 	EXP 	fb_text_answer: text = 'They like to play Chess'
1133.5447 	EXP 	feedback_image: image = 'pictures/green_check.png'
1133.5447 	EXP 	cue1Image_fb: autoDraw = True
1133.5447 	EXP 	cue2Image_fb: autoDraw = True
1133.5447 	EXP 	fb_text_answer: autoDraw = True
1133.5447 	EXP 	feedback_image: autoDraw = True
1135.4965 	EXP 	New trial (rep=0, index=7): OrderedDict([('condsFile', 'condition files/Stage0b_2.xlsx'), ('subStage', '0b')])
1135.5070 	EXP 	Imported condition files/Stage0b_2.xlsx as conditions, 2 conditions, 9 params
1135.5073 	EXP 	Created sequence: random, trialTypes=2, nReps=1, seed=None
1135.5077 	EXP 	New trial (rep=0, index=0): OrderedDict([('cue1', 'none'), ('cue2', 'alpha'), ('correct', 'h'), ('responseKeys', ['h', 'g']), ('responseNames', ['Chess', 'Go']), ('cue1Position', [-0.15, 0.5]), ('cue2Position', [0.15, 0.5]), ('cue1Opacity', 0), ('cue2Opacity', 1)])
1135.5277 	EXP 	cue1Image_fb: autoDraw = False
1135.5277 	EXP 	cue2Image_fb: autoDraw = False
1135.5277 	EXP 	fb_text_answer: autoDraw = False
1135.5277 	EXP 	feedback_image: autoDraw = False
1135.5277 	EXP 	cue1Image_fb: autoDraw = False
1135.5277 	EXP 	cue2Image_fb: autoDraw = False
1135.5277 	EXP 	fb_text_answer: autoDraw = False
1135.5277 	EXP 	feedback_image: autoDraw = False
1135.5277 	EXP 	resp_text1: text = 'Chess = h'
1135.5277 	EXP 	resp_text2: text = 'Go = g'
1135.5277 	EXP 	text: autoDraw = True
1135.5277 	EXP 	resp_text1: autoDraw = True
1135.5277 	EXP 	resp_text2: autoDraw = True
1137.0776 	EXP 	text: autoDraw = False
1137.0776 	EXP 	resp_text1: autoDraw = False
1137.0776 	EXP 	resp_text2: autoDraw = False
1137.0776 	EXP 	cue1Image: opacity = 0.0
1137.0776 	EXP 	cue1Image: pos = array([-0.15,  0.5 ])
1137.0776 	EXP 	cue1Image: image = 'pictures/20M_AN_C.png'
1137.0776 	EXP 	cue2Image: opacity = 1.0
1137.0776 	EXP 	cue2Image: pos = array([0.15, 0.5 ])
1137.0776 	EXP 	cue2Image: image = 'pictures/SHINEd_apple.png'
1137.0776 	EXP 	cue1Image: autoDraw = True
1137.0776 	EXP 	cue2Image: autoDraw = True
1138.1592 	DATA 	Keypress: g
1138.1774 	EXP 	cue1Image: autoDraw = False
1138.1774 	EXP 	cue2Image: autoDraw = False
1138.1774 	EXP 	cue1Image_fb: opacity = 0.0
1138.1774 	EXP 	cue1Image_fb: pos = array([-0.15,  0.5 ])
1138.1774 	EXP 	cue1Image_fb: image = 'pictures/20M_AN_C.png'
1138.1774 	EXP 	cue2Image_fb: opacity = 1.0
1138.1774 	EXP 	cue2Image_fb: pos = array([0.15, 0.5 ])
1138.1774 	EXP 	cue2Image_fb: image = 'pictures/SHINEd_apple.png'
1138.1774 	EXP 	fb_text_answer: text = 'They like to play Chess'
1138.1774 	EXP 	feedback_image: image = 'pictures/red_x.png'
1138.1774 	EXP 	cue1Image_fb: autoDraw = True
1138.1774 	EXP 	cue2Image_fb: autoDraw = True
1138.1774 	EXP 	fb_text_answer: autoDraw = True
1138.1774 	EXP 	feedback_image: autoDraw = True
1140.1300 	EXP 	New trial (rep=0, index=1): OrderedDict([('cue1', 'beta'), ('cue2', 'none'), ('correct', 'g'), ('responseKeys', ['h', 'g']), ('responseNames', ['Chess', 'Go']), ('cue1Position', [-0.15, 0.5]), ('cue2Position', [0.15, 0.5]), ('cue1Opacity', 1), ('cue2Opacity', 0)])
1140.1441 	EXP 	cue1Image_fb: autoDraw = False
1140.1441 	EXP 	cue2Image_fb: autoDraw = False
1140.1441 	EXP 	fb_text_answer: autoDraw = False
1140.1441 	EXP 	feedback_image: autoDraw = False
1140.1441 	EXP 	cue1Image_fb: autoDraw = False
1140.1441 	EXP 	cue2Image_fb: autoDraw = False
1140.1441 	EXP 	fb_text_answer: autoDraw = False
1140.1441 	EXP 	feedback_image: autoDraw = False
1140.1441 	EXP 	resp_text1: text = 'Chess = h'
1140.1441 	EXP 	resp_text2: text = 'Go = g'
1140.1441 	EXP 	text: autoDraw = True
1140.1441 	EXP 	resp_text1: autoDraw = True
1140.1441 	EXP 	resp_text2: autoDraw = True
1141.6808 	EXP 	text: autoDraw = False
1141.6808 	EXP 	resp_text1: autoDraw = False
1141.6808 	EXP 	resp_text2: autoDraw = False
1141.6808 	EXP 	text: autoDraw = False
1141.6808 	EXP 	resp_text1: autoDraw = False
1141.6808 	EXP 	resp_text2: autoDraw = False
1141.6808 	EXP 	cue1Image: opacity = 1.0
1141.6808 	EXP 	cue1Image: pos = array([-0.15,  0.5 ])
1141.6808 	EXP 	cue1Image: image = 'pictures/SHINEd_pear.png'
1141.6808 	EXP 	cue2Image: opacity = 0.0
1141.6808 	EXP 	cue2Image: pos = array([0.15, 0.5 ])
1141.6808 	EXP 	cue2Image: image = 'pictures/20M_AN_C.png'
1141.6808 	EXP 	cue1Image: autoDraw = True
1141.6808 	EXP 	cue2Image: autoDraw = True
1142.7646 	DATA 	Keypress: g
1142.7799 	EXP 	cue1Image: autoDraw = False
1142.7799 	EXP 	cue2Image: autoDraw = False
1142.7799 	EXP 	cue1Image_fb: opacity = 1.0
1142.7799 	EXP 	cue1Image_fb: pos = array([-0.15,  0.5 ])
1142.7799 	EXP 	cue1Image_fb: image = 'pictures/SHINEd_pear.png'
1142.7799 	EXP 	cue2Image_fb: opacity = 0.0
1142.7799 	EXP 	cue2Image_fb: pos = array([0.15, 0.5 ])
1142.7799 	EXP 	cue2Image_fb: image = 'pictures/20M_AN_C.png'
1142.7799 	EXP 	fb_text_answer: text = 'They like to play Go'
1142.7799 	EXP 	feedback_image: image = 'pictures/green_check.png'
1142.7799 	EXP 	cue1Image_fb: autoDraw = True
1142.7799 	EXP 	cue2Image_fb: autoDraw = True
1142.7799 	EXP 	fb_text_answer: autoDraw = True
1142.7799 	EXP 	feedback_image: autoDraw = True
1144.7296 	EXP 	New trial (rep=0, index=8): OrderedDict([('condsFile', 'condition files/Stage0b_1.xlsx'), ('subStage', '0b')])
1144.7396 	EXP 	Imported condition files/Stage0b_1.xlsx as conditions, 2 conditions, 9 params
1144.7399 	EXP 	Created sequence: random, trialTypes=2, nReps=1, seed=None
1144.7404 	EXP 	New trial (rep=0, index=0): OrderedDict([('cue1', 'alpha'), ('cue2', 'none'), ('correct', 'h'), ('responseKeys', ['h', 'g']), ('responseNames', ['Chess', 'Go']), ('cue1Position', [-0.15, 0.5]), ('cue2Position', [0.15, 0.5]), ('cue1Opacity', 1), ('cue2Opacity', 0)])
1144.7605 	EXP 	cue1Image_fb: autoDraw = False
1144.7605 	EXP 	cue2Image_fb: autoDraw = False
1144.7605 	EXP 	fb_text_answer: autoDraw = False
1144.7605 	EXP 	feedback_image: autoDraw = False
1144.7605 	EXP 	cue1Image_fb: autoDraw = False
1144.7605 	EXP 	cue2Image_fb: autoDraw = False
1144.7605 	EXP 	fb_text_answer: autoDraw = False
1144.7605 	EXP 	feedback_image: autoDraw = False
1144.7605 	EXP 	resp_text1: text = 'Chess = h'
1144.7605 	EXP 	resp_text2: text = 'Go = g'
1144.7605 	EXP 	text: autoDraw = True
1144.7605 	EXP 	resp_text1: autoDraw = True
1144.7605 	EXP 	resp_text2: autoDraw = True
1146.2941 	EXP 	text: autoDraw = False
1146.2941 	EXP 	resp_text1: autoDraw = False
1146.2941 	EXP 	resp_text2: autoDraw = False
1146.2941 	EXP 	cue1Image: opacity = 1.0
1146.2941 	EXP 	cue1Image: pos = array([-0.15,  0.5 ])
1146.2941 	EXP 	cue1Image: image = 'pictures/SHINEd_apple.png'
1146.2941 	EXP 	cue2Image: opacity = 0.0
1146.2941 	EXP 	cue2Image: pos = array([0.15, 0.5 ])
1146.2941 	EXP 	cue2Image: image = 'pictures/20M_AN_C.png'
1146.2941 	EXP 	cue1Image: autoDraw = True
1146.2941 	EXP 	cue2Image: autoDraw = True
1147.0987 	DATA 	Keypress: h
1147.1108 	EXP 	cue1Image: autoDraw = False
1147.1108 	EXP 	cue2Image: autoDraw = False
1147.1108 	EXP 	cue1Image_fb: opacity = 1.0
1147.1108 	EXP 	cue1Image_fb: pos = array([-0.15,  0.5 ])
1147.1108 	EXP 	cue1Image_fb: image = 'pictures/SHINEd_apple.png'
1147.1108 	EXP 	cue2Image_fb: opacity = 0.0
1147.1108 	EXP 	cue2Image_fb: pos = array([0.15, 0.5 ])
1147.1108 	EXP 	cue2Image_fb: image = 'pictures/20M_AN_C.png'
1147.1108 	EXP 	fb_text_answer: text = 'They like to play Chess'
1147.1108 	EXP 	feedback_image: image = 'pictures/green_check.png'
1147.1108 	EXP 	cue1Image_fb: autoDraw = True
1147.1108 	EXP 	cue2Image_fb: autoDraw = True
1147.1108 	EXP 	fb_text_answer: autoDraw = True
1147.1108 	EXP 	feedback_image: autoDraw = True
1149.0646 	EXP 	New trial (rep=0, index=1): OrderedDict([('cue1', 'none'), ('cue2', 'beta'), ('correct', 'g'), ('responseKeys', ['h', 'g']), ('responseNames', ['Chess', 'Go']), ('cue1Position', [-0.15, 0.5]), ('cue2Position', [0.15, 0.5]), ('cue1Opacity', 0), ('cue2Opacity', 1)])
1149.0776 	EXP 	cue1Image_fb: autoDraw = False
1149.0776 	EXP 	cue2Image_fb: autoDraw = False
1149.0776 	EXP 	fb_text_answer: autoDraw = False
1149.0776 	EXP 	feedback_image: autoDraw = False
1149.0776 	EXP 	cue1Image_fb: autoDraw = False
1149.0776 	EXP 	cue2Image_fb: autoDraw = False
1149.0776 	EXP 	fb_text_answer: autoDraw = False
1149.0776 	EXP 	feedback_image: autoDraw = False
1149.0776 	EXP 	resp_text1: text = 'Chess = h'
1149.0776 	EXP 	resp_text2: text = 'Go = g'
1149.0776 	EXP 	text: autoDraw = True
1149.0776 	EXP 	resp_text1: autoDraw = True
1149.0776 	EXP 	resp_text2: autoDraw = True
1150.6158 	EXP 	text: autoDraw = False
1150.6158 	EXP 	resp_text1: autoDraw = False
1150.6158 	EXP 	resp_text2: autoDraw = False
1150.6158 	EXP 	text: autoDraw = False
1150.6158 	EXP 	resp_text1: autoDraw = False
1150.6158 	EXP 	resp_text2: autoDraw = False
1150.6158 	EXP 	cue1Image: opacity = 0.0
1150.6158 	EXP 	cue1Image: pos = array([-0.15,  0.5 ])
1150.6158 	EXP 	cue1Image: image = 'pictures/20M_AN_C.png'
1150.6158 	EXP 	cue2Image: opacity = 1.0
1150.6158 	EXP 	cue2Image: pos = array([0.15, 0.5 ])
1150.6158 	EXP 	cue2Image: image = 'pictures/SHINEd_pear.png'
1150.6158 	EXP 	cue1Image: autoDraw = True
1150.6158 	EXP 	cue2Image: autoDraw = True
1152.1675 	DATA 	Keypress: g
1152.1818 	EXP 	cue1Image: autoDraw = False
1152.1818 	EXP 	cue2Image: autoDraw = False
1152.1818 	EXP 	cue1Image_fb: opacity = 0.0
1152.1818 	EXP 	cue1Image_fb: pos = array([-0.15,  0.5 ])
1152.1818 	EXP 	cue1Image_fb: image = 'pictures/20M_AN_C.png'
1152.1818 	EXP 	cue2Image_fb: opacity = 1.0
1152.1818 	EXP 	cue2Image_fb: pos = array([0.15, 0.5 ])
1152.1818 	EXP 	cue2Image_fb: image = 'pictures/SHINEd_pear.png'
1152.1818 	EXP 	fb_text_answer: text = 'They like to play Go'
1152.1818 	EXP 	feedback_image: image = 'pictures/green_check.png'
1152.1818 	EXP 	cue1Image_fb: autoDraw = True
1152.1818 	EXP 	cue2Image_fb: autoDraw = True
1152.1818 	EXP 	fb_text_answer: autoDraw = True
1152.1818 	EXP 	feedback_image: autoDraw = True
1154.1310 	EXP 	New trial (rep=0, index=9): OrderedDict([('condsFile', 'condition files/Stage0b_2.xlsx'), ('subStage', '0b')])
1154.1428 	EXP 	Imported condition files/Stage0b_2.xlsx as conditions, 2 conditions, 9 params
1154.1432 	EXP 	Created sequence: random, trialTypes=2, nReps=1, seed=None
1154.1436 	EXP 	New trial (rep=0, index=0): OrderedDict([('cue1', 'beta'), ('cue2', 'none'), ('correct', 'g'), ('responseKeys', ['h', 'g']), ('responseNames', ['Chess', 'Go']), ('cue1Position', [-0.15, 0.5]), ('cue2Position', [0.15, 0.5]), ('cue1Opacity', 1), ('cue2Opacity', 0)])
1154.1612 	EXP 	cue1Image_fb: autoDraw = False
1154.1612 	EXP 	cue2Image_fb: autoDraw = False
1154.1612 	EXP 	fb_text_answer: autoDraw = False
1154.1612 	EXP 	feedback_image: autoDraw = False
1154.1612 	EXP 	cue1Image_fb: autoDraw = False
1154.1612 	EXP 	cue2Image_fb: autoDraw = False
1154.1612 	EXP 	fb_text_answer: autoDraw = False
1154.1612 	EXP 	feedback_image: autoDraw = False
1154.1612 	EXP 	resp_text1: text = 'Chess = h'
1154.1612 	EXP 	resp_text2: text = 'Go = g'
1154.1612 	EXP 	text: autoDraw = True
1154.1612 	EXP 	resp_text1: autoDraw = True
1154.1612 	EXP 	resp_text2: autoDraw = True
1155.6983 	EXP 	text: autoDraw = False
1155.6983 	EXP 	resp_text1: autoDraw = False
1155.6983 	EXP 	resp_text2: autoDraw = False
1155.6983 	EXP 	cue1Image: opacity = 1.0
1155.6983 	EXP 	cue1Image: pos = array([-0.15,  0.5 ])
1155.6983 	EXP 	cue1Image: image = 'pictures/SHINEd_pear.png'
1155.6983 	EXP 	cue2Image: opacity = 0.0
1155.6983 	EXP 	cue2Image: pos = array([0.15, 0.5 ])
1155.6983 	EXP 	cue2Image: image = 'pictures/20M_AN_C.png'
1155.6983 	EXP 	cue1Image: autoDraw = True
1155.6983 	EXP 	cue2Image: autoDraw = True
1156.6605 	DATA 	Keypress: g
1156.6776 	EXP 	cue1Image: autoDraw = False
1156.6776 	EXP 	cue2Image: autoDraw = False
1156.6776 	EXP 	cue1Image_fb: opacity = 1.0
1156.6776 	EXP 	cue1Image_fb: pos = array([-0.15,  0.5 ])
1156.6776 	EXP 	cue1Image_fb: image = 'pictures/SHINEd_pear.png'
1156.6776 	EXP 	cue2Image_fb: opacity = 0.0
1156.6776 	EXP 	cue2Image_fb: pos = array([0.15, 0.5 ])
1156.6776 	EXP 	cue2Image_fb: image = 'pictures/20M_AN_C.png'
1156.6776 	EXP 	fb_text_answer: text = 'They like to play Go'
1156.6776 	EXP 	feedback_image: image = 'pictures/green_check.png'
1156.6776 	EXP 	cue1Image_fb: autoDraw = True
1156.6776 	EXP 	cue2Image_fb: autoDraw = True
1156.6776 	EXP 	fb_text_answer: autoDraw = True
1156.6776 	EXP 	feedback_image: autoDraw = True
1158.6314 	EXP 	New trial (rep=0, index=1): OrderedDict([('cue1', 'none'), ('cue2', 'alpha'), ('correct', 'h'), ('responseKeys', ['h', 'g']), ('responseNames', ['Chess', 'Go']), ('cue1Position', [-0.15, 0.5]), ('cue2Position', [0.15, 0.5]), ('cue1Opacity', 0), ('cue2Opacity', 1)])
1158.6442 	EXP 	cue1Image_fb: autoDraw = False
1158.6442 	EXP 	cue2Image_fb: autoDraw = False
1158.6442 	EXP 	fb_text_answer: autoDraw = False
1158.6442 	EXP 	feedback_image: autoDraw = False
1158.6442 	EXP 	cue1Image_fb: autoDraw = False
1158.6442 	EXP 	cue2Image_fb: autoDraw = False
1158.6442 	EXP 	fb_text_answer: autoDraw = False
1158.6442 	EXP 	feedback_image: autoDraw = False
1158.6442 	EXP 	resp_text1: text = 'Chess = h'
1158.6442 	EXP 	resp_text2: text = 'Go = g'
1158.6442 	EXP 	text: autoDraw = True
1158.6442 	EXP 	resp_text1: autoDraw = True
1158.6442 	EXP 	resp_text2: autoDraw = True
1160.1815 	EXP 	text: autoDraw = False
1160.1815 	EXP 	resp_text1: autoDraw = False
1160.1815 	EXP 	resp_text2: autoDraw = False
1160.1815 	EXP 	text: autoDraw = False
1160.1815 	EXP 	resp_text1: autoDraw = False
1160.1815 	EXP 	resp_text2: autoDraw = False
1160.1815 	EXP 	cue1Image: opacity = 0.0
1160.1815 	EXP 	cue1Image: pos = array([-0.15,  0.5 ])
1160.1815 	EXP 	cue1Image: image = 'pictures/20M_AN_C.png'
1160.1815 	EXP 	cue2Image: opacity = 1.0
1160.1815 	EXP 	cue2Image: pos = array([0.15, 0.5 ])
1160.1815 	EXP 	cue2Image: image = 'pictures/SHINEd_apple.png'
1160.1815 	EXP 	cue1Image: autoDraw = True
1160.1815 	EXP 	cue2Image: autoDraw = True
1161.4813 	DATA 	Keypress: h
1161.4955 	EXP 	cue1Image: autoDraw = False
1161.4955 	EXP 	cue2Image: autoDraw = False
1161.4955 	EXP 	cue1Image_fb: opacity = 0.0
1161.4955 	EXP 	cue1Image_fb: pos = array([-0.15,  0.5 ])
1161.4955 	EXP 	cue1Image_fb: image = 'pictures/20M_AN_C.png'
1161.4955 	EXP 	cue2Image_fb: opacity = 1.0
1161.4955 	EXP 	cue2Image_fb: pos = array([0.15, 0.5 ])
1161.4955 	EXP 	cue2Image_fb: image = 'pictures/SHINEd_apple.png'
1161.4955 	EXP 	fb_text_answer: text = 'They like to play Chess'
1161.4955 	EXP 	feedback_image: image = 'pictures/green_check.png'
1161.4955 	EXP 	cue1Image_fb: autoDraw = True
1161.4955 	EXP 	cue2Image_fb: autoDraw = True
1161.4955 	EXP 	fb_text_answer: autoDraw = True
1161.4955 	EXP 	feedback_image: autoDraw = True
1163.4473 	EXP 	New trial (rep=0, index=10): OrderedDict([('condsFile', 'condition files/Stage0b_1.xlsx'), ('subStage', '0b')])
1163.4593 	EXP 	Imported condition files/Stage0b_1.xlsx as conditions, 2 conditions, 9 params
1163.4597 	EXP 	Created sequence: random, trialTypes=2, nReps=1, seed=None
1163.4602 	EXP 	New trial (rep=0, index=0): OrderedDict([('cue1', 'none'), ('cue2', 'beta'), ('correct', 'g'), ('responseKeys', ['h', 'g']), ('responseNames', ['Chess', 'Go']), ('cue1Position', [-0.15, 0.5]), ('cue2Position', [0.15, 0.5]), ('cue1Opacity', 0), ('cue2Opacity', 1)])
1163.4780 	EXP 	cue1Image_fb: autoDraw = False
1163.4780 	EXP 	cue2Image_fb: autoDraw = False
1163.4780 	EXP 	fb_text_answer: autoDraw = False
1163.4780 	EXP 	feedback_image: autoDraw = False
1163.4780 	EXP 	cue1Image_fb: autoDraw = False
1163.4780 	EXP 	cue2Image_fb: autoDraw = False
1163.4780 	EXP 	fb_text_answer: autoDraw = False
1163.4780 	EXP 	feedback_image: autoDraw = False
1163.4780 	EXP 	resp_text1: text = 'Chess = h'
1163.4780 	EXP 	resp_text2: text = 'Go = g'
1163.4780 	EXP 	text: autoDraw = True
1163.4780 	EXP 	resp_text1: autoDraw = True
1163.4780 	EXP 	resp_text2: autoDraw = True
1165.0108 	EXP 	text: autoDraw = False
1165.0108 	EXP 	resp_text1: autoDraw = False
1165.0108 	EXP 	resp_text2: autoDraw = False
1165.0108 	EXP 	cue1Image: opacity = 0.0
1165.0108 	EXP 	cue1Image: pos = array([-0.15,  0.5 ])
1165.0108 	EXP 	cue1Image: image = 'pictures/20M_AN_C.png'
1165.0108 	EXP 	cue2Image: opacity = 1.0
1165.0108 	EXP 	cue2Image: pos = array([0.15, 0.5 ])
1165.0108 	EXP 	cue2Image: image = 'pictures/SHINEd_pear.png'
1165.0108 	EXP 	cue1Image: autoDraw = True
1165.0108 	EXP 	cue2Image: autoDraw = True
1165.8989 	DATA 	Keypress: g
1165.9116 	EXP 	cue1Image: autoDraw = False
1165.9116 	EXP 	cue2Image: autoDraw = False
1165.9116 	EXP 	cue1Image_fb: opacity = 0.0
1165.9116 	EXP 	cue1Image_fb: pos = array([-0.15,  0.5 ])
1165.9116 	EXP 	cue1Image_fb: image = 'pictures/20M_AN_C.png'
1165.9116 	EXP 	cue2Image_fb: opacity = 1.0
1165.9116 	EXP 	cue2Image_fb: pos = array([0.15, 0.5 ])
1165.9116 	EXP 	cue2Image_fb: image = 'pictures/SHINEd_pear.png'
1165.9116 	EXP 	fb_text_answer: text = 'They like to play Go'
1165.9116 	EXP 	feedback_image: image = 'pictures/green_check.png'
1165.9116 	EXP 	cue1Image_fb: autoDraw = True
1165.9116 	EXP 	cue2Image_fb: autoDraw = True
1165.9116 	EXP 	fb_text_answer: autoDraw = True
1165.9116 	EXP 	feedback_image: autoDraw = True
1167.8642 	EXP 	New trial (rep=0, index=1): OrderedDict([('cue1', 'alpha'), ('cue2', 'none'), ('correct', 'h'), ('responseKeys', ['h', 'g']), ('responseNames', ['Chess', 'Go']), ('cue1Position', [-0.15, 0.5]), ('cue2Position', [0.15, 0.5]), ('cue1Opacity', 1), ('cue2Opacity', 0)])
1167.8775 	EXP 	cue1Image_fb: autoDraw = False
1167.8775 	EXP 	cue2Image_fb: autoDraw = False
1167.8775 	EXP 	fb_text_answer: autoDraw = False
1167.8775 	EXP 	feedback_image: autoDraw = False
1167.8775 	EXP 	cue1Image_fb: autoDraw = False
1167.8775 	EXP 	cue2Image_fb: autoDraw = False
1167.8775 	EXP 	fb_text_answer: autoDraw = False
1167.8775 	EXP 	feedback_image: autoDraw = False
1167.8775 	EXP 	resp_text1: text = 'Chess = h'
1167.8775 	EXP 	resp_text2: text = 'Go = g'
1167.8775 	EXP 	text: autoDraw = True
1167.8775 	EXP 	resp_text1: autoDraw = True
1167.8775 	EXP 	resp_text2: autoDraw = True
1169.4279 	EXP 	text: autoDraw = False
1169.4279 	EXP 	resp_text1: autoDraw = False
1169.4279 	EXP 	resp_text2: autoDraw = False
1169.4279 	EXP 	text: autoDraw = False
1169.4279 	EXP 	resp_text1: autoDraw = False
1169.4279 	EXP 	resp_text2: autoDraw = False
1169.4279 	EXP 	cue1Image: opacity = 1.0
1169.4279 	EXP 	cue1Image: pos = array([-0.15,  0.5 ])
1169.4279 	EXP 	cue1Image: image = 'pictures/SHINEd_apple.png'
1169.4279 	EXP 	cue2Image: opacity = 0.0
1169.4279 	EXP 	cue2Image: pos = array([0.15, 0.5 ])
1169.4279 	EXP 	cue2Image: image = 'pictures/20M_AN_C.png'
1169.4279 	EXP 	cue1Image: autoDraw = True
1169.4279 	EXP 	cue2Image: autoDraw = True
1170.5344 	DATA 	Keypress: h
1170.5489 	EXP 	cue1Image: autoDraw = False
1170.5489 	EXP 	cue2Image: autoDraw = False
1170.5489 	EXP 	cue1Image_fb: opacity = 1.0
1170.5489 	EXP 	cue1Image_fb: pos = array([-0.15,  0.5 ])
1170.5489 	EXP 	cue1Image_fb: image = 'pictures/SHINEd_apple.png'
1170.5489 	EXP 	cue2Image_fb: opacity = 0.0
1170.5489 	EXP 	cue2Image_fb: pos = array([0.15, 0.5 ])
1170.5489 	EXP 	cue2Image_fb: image = 'pictures/20M_AN_C.png'
1170.5489 	EXP 	fb_text_answer: text = 'They like to play Chess'
1170.5489 	EXP 	feedback_image: image = 'pictures/green_check.png'
1170.5489 	EXP 	cue1Image_fb: autoDraw = True
1170.5489 	EXP 	cue2Image_fb: autoDraw = True
1170.5489 	EXP 	fb_text_answer: autoDraw = True
1170.5489 	EXP 	feedback_image: autoDraw = True
1172.4973 	EXP 	New trial (rep=0, index=11): OrderedDict([('condsFile', 'condition files/Stage0b_2.xlsx'), ('subStage', '0b')])
1172.5090 	EXP 	Imported condition files/Stage0b_2.xlsx as conditions, 2 conditions, 9 params
1172.5093 	EXP 	Created sequence: random, trialTypes=2, nReps=1, seed=None
1172.5097 	EXP 	New trial (rep=0, index=0): OrderedDict([('cue1', 'none'), ('cue2', 'alpha'), ('correct', 'h'), ('responseKeys', ['h', 'g']), ('responseNames', ['Chess', 'Go']), ('cue1Position', [-0.15, 0.5]), ('cue2Position', [0.15, 0.5]), ('cue1Opacity', 0), ('cue2Opacity', 1)])
1172.5274 	EXP 	cue1Image_fb: autoDraw = False
1172.5274 	EXP 	cue2Image_fb: autoDraw = False
1172.5274 	EXP 	fb_text_answer: autoDraw = False
1172.5274 	EXP 	feedback_image: autoDraw = False
1172.5274 	EXP 	cue1Image_fb: autoDraw = False
1172.5274 	EXP 	cue2Image_fb: autoDraw = False
1172.5274 	EXP 	fb_text_answer: autoDraw = False
1172.5274 	EXP 	feedback_image: autoDraw = False
1172.5274 	EXP 	resp_text1: text = 'Chess = h'
1172.5274 	EXP 	resp_text2: text = 'Go = g'
1172.5274 	EXP 	text: autoDraw = True
1172.5274 	EXP 	resp_text1: autoDraw = True
1172.5274 	EXP 	resp_text2: autoDraw = True
1174.0637 	EXP 	text: autoDraw = False
1174.0637 	EXP 	resp_text1: autoDraw = False
1174.0637 	EXP 	resp_text2: autoDraw = False
1174.0637 	EXP 	cue1Image: opacity = 0.0
1174.0637 	EXP 	cue1Image: pos = array([-0.15,  0.5 ])
1174.0637 	EXP 	cue1Image: image = 'pictures/20M_AN_C.png'
1174.0637 	EXP 	cue2Image: opacity = 1.0
1174.0637 	EXP 	cue2Image: pos = array([0.15, 0.5 ])
1174.0637 	EXP 	cue2Image: image = 'pictures/SHINEd_apple.png'
1174.0637 	EXP 	cue1Image: autoDraw = True
1174.0637 	EXP 	cue2Image: autoDraw = True
1175.8659 	DATA 	Keypress: h
1175.8801 	EXP 	cue1Image: autoDraw = False
1175.8801 	EXP 	cue2Image: autoDraw = False
1175.8801 	EXP 	cue1Image_fb: opacity = 0.0
1175.8801 	EXP 	cue1Image_fb: pos = array([-0.15,  0.5 ])
1175.8801 	EXP 	cue1Image_fb: image = 'pictures/20M_AN_C.png'
1175.8801 	EXP 	cue2Image_fb: opacity = 1.0
1175.8801 	EXP 	cue2Image_fb: pos = array([0.15, 0.5 ])
1175.8801 	EXP 	cue2Image_fb: image = 'pictures/SHINEd_apple.png'
1175.8801 	EXP 	fb_text_answer: text = 'They like to play Chess'
1175.8801 	EXP 	feedback_image: image = 'pictures/green_check.png'
1175.8801 	EXP 	cue1Image_fb: autoDraw = True
1175.8801 	EXP 	cue2Image_fb: autoDraw = True
1175.8801 	EXP 	fb_text_answer: autoDraw = True
1175.8801 	EXP 	feedback_image: autoDraw = True
1177.8316 	EXP 	New trial (rep=0, index=1): OrderedDict([('cue1', 'beta'), ('cue2', 'none'), ('correct', 'g'), ('responseKeys', ['h', 'g']), ('responseNames', ['Chess', 'Go']), ('cue1Position', [-0.15, 0.5]), ('cue2Position', [0.15, 0.5]), ('cue1Opacity', 1), ('cue2Opacity', 0)])
1177.8443 	EXP 	cue1Image_fb: autoDraw = False
1177.8443 	EXP 	cue2Image_fb: autoDraw = False
1177.8443 	EXP 	fb_text_answer: autoDraw = False
1177.8443 	EXP 	feedback_image: autoDraw = False
1177.8443 	EXP 	cue1Image_fb: autoDraw = False
1177.8443 	EXP 	cue2Image_fb: autoDraw = False
1177.8443 	EXP 	fb_text_answer: autoDraw = False
1177.8443 	EXP 	feedback_image: autoDraw = False
1177.8443 	EXP 	resp_text1: text = 'Chess = h'
1177.8443 	EXP 	resp_text2: text = 'Go = g'
1177.8443 	EXP 	text: autoDraw = True
1177.8443 	EXP 	resp_text1: autoDraw = True
1177.8443 	EXP 	resp_text2: autoDraw = True
1179.3816 	EXP 	text: autoDraw = False
1179.3816 	EXP 	resp_text1: autoDraw = False
1179.3816 	EXP 	resp_text2: autoDraw = False
1179.3816 	EXP 	text: autoDraw = False
1179.3816 	EXP 	resp_text1: autoDraw = False
1179.3816 	EXP 	resp_text2: autoDraw = False
1179.3816 	EXP 	cue1Image: opacity = 1.0
1179.3816 	EXP 	cue1Image: pos = array([-0.15,  0.5 ])
1179.3816 	EXP 	cue1Image: image = 'pictures/SHINEd_pear.png'
1179.3816 	EXP 	cue2Image: opacity = 0.0
1179.3816 	EXP 	cue2Image: pos = array([0.15, 0.5 ])
1179.3816 	EXP 	cue2Image: image = 'pictures/20M_AN_C.png'
1179.3816 	EXP 	cue1Image: autoDraw = True
1179.3816 	EXP 	cue2Image: autoDraw = True
1180.9014 	DATA 	Keypress: g
1180.9168 	EXP 	cue1Image: autoDraw = False
1180.9168 	EXP 	cue2Image: autoDraw = False
1180.9168 	EXP 	cue1Image_fb: opacity = 1.0
1180.9168 	EXP 	cue1Image_fb: pos = array([-0.15,  0.5 ])
1180.9168 	EXP 	cue1Image_fb: image = 'pictures/SHINEd_pear.png'
1180.9168 	EXP 	cue2Image_fb: opacity = 0.0
1180.9168 	EXP 	cue2Image_fb: pos = array([0.15, 0.5 ])
1180.9168 	EXP 	cue2Image_fb: image = 'pictures/20M_AN_C.png'
1180.9168 	EXP 	fb_text_answer: text = 'They like to play Go'
1180.9168 	EXP 	feedback_image: image = 'pictures/green_check.png'
1180.9168 	EXP 	cue1Image_fb: autoDraw = True
1180.9168 	EXP 	cue2Image_fb: autoDraw = True
1180.9168 	EXP 	fb_text_answer: autoDraw = True
1180.9168 	EXP 	feedback_image: autoDraw = True
1182.8640 	EXP 	New trial (rep=0, index=12): OrderedDict([('condsFile', 'condition files/Stage0c_1.xlsx'), ('subStage', '0c')])
1182.8767 	EXP 	Imported condition files/Stage0c_1.xlsx as conditions, 4 conditions, 9 params
1182.8770 	EXP 	Created sequence: random, trialTypes=4, nReps=1, seed=None
1182.8774 	EXP 	New trial (rep=0, index=0): OrderedDict([('cue1', 'beta'), ('cue2', 'theta'), ('correct', 'g'), ('responseKeys', ['h', 'g']), ('responseNames', ['Chess', 'Go']), ('cue1Position', [-0.15, 0.5]), ('cue2Position', [0.15, 0.5]), ('cue1Opacity', 1), ('cue2Opacity', 1)])
1182.8944 	EXP 	cue1Image_fb: autoDraw = False
1182.8944 	EXP 	cue2Image_fb: autoDraw = False
1182.8944 	EXP 	fb_text_answer: autoDraw = False
1182.8944 	EXP 	feedback_image: autoDraw = False
1182.8944 	EXP 	cue1Image_fb: autoDraw = False
1182.8944 	EXP 	cue2Image_fb: autoDraw = False
1182.8944 	EXP 	fb_text_answer: autoDraw = False
1182.8944 	EXP 	feedback_image: autoDraw = False
1182.8944 	EXP 	resp_text1: text = 'Chess = h'
1182.8944 	EXP 	resp_text2: text = 'Go = g'
1182.8944 	EXP 	text: autoDraw = True
1182.8944 	EXP 	resp_text1: autoDraw = True
1182.8944 	EXP 	resp_text2: autoDraw = True
1184.4276 	EXP 	text: autoDraw = False
1184.4276 	EXP 	resp_text1: autoDraw = False
1184.4276 	EXP 	resp_text2: autoDraw = False
1184.4276 	EXP 	cue1Image: opacity = 1.0
1184.4276 	EXP 	cue1Image: pos = array([-0.15,  0.5 ])
1184.4276 	EXP 	cue1Image: image = 'pictures/SHINEd_pear.png'
1184.4276 	EXP 	cue2Image: opacity = 1.0
1184.4276 	EXP 	cue2Image: pos = array([0.15, 0.5 ])
1184.4276 	EXP 	cue2Image: image = 'pictures/SHINEd_melon.png'
1184.4276 	EXP 	cue1Image: autoDraw = True
1184.4276 	EXP 	cue2Image: autoDraw = True
1187.2331 	DATA 	Keypress: escape
1187.5823 	EXP 	window1: mouseVisible = True
